#
# There is insufficient memory for the Java Runtime Environment to continue.
# Native memory allocation (malloc) failed to allocate 1687056 bytes for Chunk::new
# Possible reasons:
#   The system is out of physical RAM or swap space
#   In 32 bit mode, the process size limit was hit
# Possible solutions:
#   Reduce memory load on the system
#   Increase physical memory or swap space
#   Check if swap backing store is full
#   Use 64 bit Java on a 64 bit OS
#   Decrease Java heap size (-Xmx/-Xms)
#   Decrease number of Java threads
#   Decrease Java thread stack sizes (-Xss)
#   Set larger code cache with -XX:ReservedCodeCacheSize=
# This output file may be truncated or incomplete.
#
#  Out of Memory Error (allocation.cpp:388), pid=5308, tid=9964
#
# JRE version: Java(TM) SE Runtime Environment (8.0_11-b12) (build 1.8.0_11-b12)
# Java VM: Java HotSpot(TM) 64-Bit Server VM (25.11-b03 mixed mode windows-amd64 compressed oops)
# Failed to write core dump. Minidumps are not enabled by default on client versions of Windows
#

---------------  T H R E A D  ---------------

Current thread (0x0000000016e29000):  JavaThread "C2 CompilerThread1" daemon [_thread_in_native, id=9964, stack(0x0000000017500000,0x0000000017600000)]

Stack: [0x0000000017500000,0x0000000017600000]
Native frames: (J=compiled Java code, j=interpreted, Vv=VM code, C=native code)
V  [jvm.dll+0x308eca]
V  [jvm.dll+0x25e121]
V  [jvm.dll+0x25ed33]
V  [jvm.dll+0x256705]
V  [jvm.dll+0xbd2b5]
V  [jvm.dll+0xbd75c]
V  [jvm.dll+0x44d772]
V  [jvm.dll+0x48e3cf]
V  [jvm.dll+0x442cbe]
V  [jvm.dll+0x4439eb]
V  [jvm.dll+0x427722]
V  [jvm.dll+0x96982]
V  [jvm.dll+0x97173]
V  [jvm.dll+0x2234b4]
V  [jvm.dll+0x27bcca]
C  [msvcr100.dll+0x21d9f]
C  [msvcr100.dll+0x21e3b]
C  [KERNEL32.DLL+0x12d92]
C  [ntdll.dll+0x9f64]


Current CompileTask:
C2:33828642 26067   !   4       org.gradle.api.internal.artifacts.configurations.DefaultConfiguration::resolveNow (48 bytes)


---------------  P R O C E S S  ---------------

Java Threads: ( => current thread )
  0x000000001c2b3000 JavaThread "Forward streams with process: command 'C:\Program Files\Java\jdk1.8.0_11\bin\java.exe' Thread 3" [_thread_in_native, id=6948, stack(0x0000000026250000,0x0000000026350000)]
  0x000000001c2b4800 JavaThread "Forward streams with process: command 'C:\Program Files\Java\jdk1.8.0_11\bin\java.exe' Thread 2" [_thread_in_native, id=6624, stack(0x0000000026150000,0x0000000026250000)]
  0x000000001c2b2800 JavaThread "Forward streams with process: command 'C:\Program Files\Java\jdk1.8.0_11\bin\java.exe'" [_thread_blocked, id=9096, stack(0x0000000026050000,0x0000000026150000)]
  0x000000001c2b5800 JavaThread "Forward streams with process: command 'C:\Program Files\Java\jdk1.8.0_11\bin\java.exe' Thread 3" [_thread_in_native, id=5960, stack(0x0000000025d50000,0x0000000025e50000)]
  0x000000001c2b0000 JavaThread "Forward streams with process: command 'C:\Program Files\Java\jdk1.8.0_11\bin\java.exe' Thread 2" [_thread_in_native, id=9020, stack(0x0000000025c50000,0x0000000025d50000)]
  0x000000001c2b7000 JavaThread "Forward streams with process: command 'C:\Program Files\Java\jdk1.8.0_11\bin\java.exe'" [_thread_blocked, id=9040, stack(0x0000000025b50000,0x0000000025c50000)]
  0x000000001c2b4000 JavaThread "Forward streams with process: command 'C:\Program Files\Java\jdk1.8.0_11\bin\java.exe' Thread 3" [_thread_in_native, id=6460, stack(0x0000000025950000,0x0000000025a50000)]
  0x000000001a390800 JavaThread "Forward streams with process: command 'C:\Program Files\Java\jdk1.8.0_11\bin\java.exe' Thread 2" [_thread_in_native, id=9848, stack(0x0000000025850000,0x0000000025950000)]
  0x000000001c9f7000 JavaThread "Forward streams with process: command 'C:\Program Files\Java\jdk1.8.0_11\bin\java.exe'" [_thread_blocked, id=1684, stack(0x0000000025750000,0x0000000025850000)]
  0x000000001c9f5800 JavaThread "Run command 'C:\Program Files\Java\jdk1.8.0_11\bin\java.exe'" [_thread_in_native, id=4800, stack(0x0000000025650000,0x0000000025750000)]
  0x000000001c9f3000 JavaThread "Forward streams with process: command 'C:\Program Files\Java\jdk1.8.0_11\bin\java.exe' Thread 3" [_thread_in_native, id=5352, stack(0x0000000025550000,0x0000000025650000)]
  0x000000001c9f0000 JavaThread "Forward streams with process: command 'C:\Program Files\Java\jdk1.8.0_11\bin\java.exe' Thread 2" [_thread_in_native, id=2728, stack(0x0000000025450000,0x0000000025550000)]
  0x000000001c9f2800 JavaThread "Forward streams with process: command 'C:\Program Files\Java\jdk1.8.0_11\bin\java.exe'" [_thread_blocked, id=9620, stack(0x0000000025350000,0x0000000025450000)]
  0x000000001a391000 JavaThread "Forward streams with process: command 'C:\Program Files\Java\jdk1.8.0_11\bin\java.exe' Thread 3" [_thread_in_native, id=3444, stack(0x0000000025250000,0x0000000025350000)]
  0x000000001a38c000 JavaThread "Forward streams with process: command 'C:\Program Files\Java\jdk1.8.0_11\bin\java.exe' Thread 2" [_thread_in_native, id=10132, stack(0x0000000025150000,0x0000000025250000)]
  0x000000001a392800 JavaThread "Forward streams with process: command 'C:\Program Files\Java\jdk1.8.0_11\bin\java.exe'" [_thread_blocked, id=7708, stack(0x0000000024ef0000,0x0000000024ff0000)]
  0x000000001a38f800 JavaThread "Run command 'C:\Program Files\Java\jdk1.8.0_11\bin\java.exe'" [_thread_in_native, id=10164, stack(0x0000000024cf0000,0x0000000024df0000)]
  0x000000001a38f000 JavaThread "Run command 'C:\Program Files\Java\jdk1.8.0_11\bin\java.exe'" [_thread_in_native, id=680, stack(0x0000000022b50000,0x0000000022c50000)]
  0x000000001a38e000 JavaThread "Run command 'C:\Program Files\Java\jdk1.8.0_11\bin\java.exe'" [_thread_in_native, id=7200, stack(0x0000000022a50000,0x0000000022b50000)]
  0x000000001a392000 JavaThread "Run command 'C:\Program Files\Java\jdk1.8.0_11\bin\java.exe'" [_thread_in_native, id=4900, stack(0x0000000022950000,0x0000000022a50000)]
  0x000000001a38b000 JavaThread "pool-110-thread-6" [_thread_blocked, id=2200, stack(0x0000000022850000,0x0000000022950000)]
  0x000000001a38d800 JavaThread "pool-110-thread-5" [_thread_blocked, id=6120, stack(0x0000000022750000,0x0000000022850000)]
  0x000000001a388000 JavaThread "pool-110-thread-3" [_thread_blocked, id=6768, stack(0x0000000022550000,0x0000000022650000)]
  0x000000001a387800 JavaThread "pool-110-thread-2" [_thread_blocked, id=7996, stack(0x000000001ebd0000,0x000000001ecd0000)]
  0x000000001a386800 JavaThread "pool-110-thread-1" [_thread_blocked, id=7544, stack(0x000000001de60000,0x000000001df60000)]
  0x000000001a389800 JavaThread "Handler for socket connection from /127.0.0.1:50458 to /127.0.0.1:54557" [_thread_in_native, id=5248, stack(0x0000000000740000,0x0000000000840000)]
  0x000000001a38c800 JavaThread "Daemon worker Thread 64" [_thread_blocked, id=7128, stack(0x00000000198d0000,0x00000000199d0000)]
  0x000000001a389000 JavaThread "Daemon Thread 64" [_thread_blocked, id=5552, stack(0x0000000000500000,0x0000000000600000)]
  0x000000001a597800 JavaThread "File lock request listener" [_thread_in_native, id=8980, stack(0x000000001b2a0000,0x000000001b3a0000)]
  0x0000000018026800 JavaThread "Incoming local TCP Connector on port 50458" [_thread_in_native, id=1488, stack(0x0000000018200000,0x0000000018300000)]
  0x0000000016ec2000 JavaThread "Service Thread" daemon [_thread_blocked, id=9492, stack(0x0000000017800000,0x0000000017900000)]
  0x0000000016e37800 JavaThread "C1 CompilerThread3" daemon [_thread_blocked, id=9780, stack(0x0000000017700000,0x0000000017800000)]
  0x0000000016e2b000 JavaThread "C2 CompilerThread2" daemon [_thread_blocked, id=9752, stack(0x0000000017600000,0x0000000017700000)]
=>0x0000000016e29000 JavaThread "C2 CompilerThread1" daemon [_thread_in_native, id=9964, stack(0x0000000017500000,0x0000000017600000)]
  0x0000000016e27800 JavaThread "C2 CompilerThread0" daemon [_thread_blocked, id=8148, stack(0x0000000017400000,0x0000000017500000)]
  0x0000000016e26000 JavaThread "Attach Listener" daemon [_thread_blocked, id=3812, stack(0x0000000017300000,0x0000000017400000)]
  0x0000000016e25800 JavaThread "Signal Dispatcher" daemon [_thread_blocked, id=9576, stack(0x0000000017200000,0x0000000017300000)]
  0x0000000002309800 JavaThread "Finalizer" daemon [_thread_blocked, id=2028, stack(0x0000000016d00000,0x0000000016e00000)]
  0x0000000014e2c000 JavaThread "Reference Handler" daemon [_thread_blocked, id=7984, stack(0x0000000016c00000,0x0000000016d00000)]
  0x000000000220e000 JavaThread "main" [_thread_blocked, id=9228, stack(0x00000000020d0000,0x00000000021d0000)]

Other Threads:
  0x0000000014e28000 VMThread [stack: 0x0000000016b00000,0x0000000016c00000] [id=8756]
  0x0000000016ec2800 WatcherThread [stack: 0x0000000017900000,0x0000000017a00000] [id=3772]

VM state:not at safepoint (normal execution)

VM Mutex/Monitor currently owned by a thread: None

Heap:
 PSYoungGen      total 159744K, used 38691K [0x00000000eab00000, 0x00000000f5d80000, 0x0000000100000000)
  eden space 136704K, 23% used [0x00000000eab00000,0x00000000ecafad80,0x00000000f3080000)
  from space 23040K, 25% used [0x00000000f3080000,0x00000000f364e158,0x00000000f4700000)
  to   space 22528K, 0% used [0x00000000f4780000,0x00000000f4780000,0x00000000f5d80000)
 ParOldGen       total 98304K, used 83919K [0x00000000c0000000, 0x00000000c6000000, 0x00000000eab00000)
  object space 98304K, 85% used [0x00000000c0000000,0x00000000c51f3e80,0x00000000c6000000)
 Metaspace       used 69812K, capacity 83026K, committed 83504K, reserved 1122304K
  class space    used 9395K, capacity 10602K, committed 10800K, reserved 1048576K

Card table byte_map: [0x00000000116d0000,0x00000000118e0000] byte_map_base: 0x00000000110d0000

Marking Bits: (ParMarkBitMap*) 0x000000005a9b12b0
 Begin Bits: [0x0000000012240000, 0x0000000013240000)
 End Bits:   [0x0000000013240000, 0x0000000014240000)

Polling page: 0x0000000002040000

CodeCache: size=245760Kb used=81174Kb max_used=81186Kb free=164585Kb
 bounds [0x0000000002310000, 0x00000000072d0000, 0x0000000011310000]
 total_blobs=20740 nmethods=19986 adapters=665
 compilation: enabled

Compilation events (10 events):
Event: 33828.590 Thread 0x0000000016e37800 26102       3       org.gradle.logging.internal.BufferingStyledTextOutput::doStyleChange (78 bytes)
Event: 33828.591 Thread 0x0000000016e37800 nmethod 26102 0x00000000072bc3d0 code [0x00000000072bc5a0, 0x00000000072bce18]
Event: 33828.591 Thread 0x0000000016e37800 26103       3       org.gradle.logging.internal.BufferingStyledTextOutput$ChangeStyleAction::<init> (10 bytes)
Event: 33828.591 Thread 0x0000000016e37800 nmethod 26103 0x00000000072a9110 code [0x00000000072a9260, 0x00000000072a9410]
Event: 33828.591 Thread 0x0000000016e37800 26104       3       org.gradle.logging.internal.BufferingStyledTextOutput$ChangeStyleAction::execute (9 bytes)
Event: 33828.591 Thread 0x0000000016e37800 nmethod 26104 0x00000000072bd090 code [0x00000000072bd200, 0x00000000072bd588]
Event: 33828.591 Thread 0x0000000016e37800 26105       1       org.gradle.logging.internal.BufferingStyledTextOutput::getHasContent (5 bytes)
Event: 33828.591 Thread 0x0000000016e37800 nmethod 26105 0x000000000727a290 code [0x000000000727a3e0, 0x000000000727a4f0]
Event: 33828.592 Thread 0x0000000016e2b000 26106       4       com.android.ide.common.xml.XmlPrettyPrinter::isMarkupElement (51 bytes)
Event: 33828.592 Thread 0x0000000016e2b000 nmethod 26106 0x0000000006332590 code [0x00000000063326c0, 0x0000000006332738]

GC Heap History (10 events):
Event: 33781.891 GC heap before
{Heap before GC invocations=418 (full 73):
 PSYoungGen      total 158208K, used 16561K [0x00000000eab00000, 0x00000000f5e80000, 0x0000000100000000)
  eden space 134656K, 0% used [0x00000000eab00000,0x00000000eab00000,0x00000000f2e80000)
  from space 23552K, 70% used [0x00000000f2e80000,0x00000000f3eac7b0,0x00000000f4580000)
  to   space 24576K, 0% used [0x00000000f4680000,0x00000000f4680000,0x00000000f5e80000)
 ParOldGen       total 98304K, used 79180K [0x00000000c0000000, 0x00000000c6000000, 0x00000000eab00000)
  object space 98304K, 80% used [0x00000000c0000000,0x00000000c4d53368,0x00000000c6000000)
 Metaspace       used 69801K, capacity 83184K, committed 83376K, reserved 1122304K
  class space    used 9426K, capacity 10635K, committed 10672K, reserved 1048576K
Event: 33782.336 GC heap after
Heap after GC invocations=418 (full 73):
 PSYoungGen      total 158208K, used 0K [0x00000000eab00000, 0x00000000f5e80000, 0x0000000100000000)
  eden space 134656K, 0% used [0x00000000eab00000,0x00000000eab00000,0x00000000f2e80000)
  from space 23552K, 0% used [0x00000000f2e80000,0x00000000f2e80000,0x00000000f4580000)
  to   space 24576K, 0% used [0x00000000f4680000,0x00000000f4680000,0x00000000f5e80000)
 ParOldGen       total 98304K, used 83895K [0x00000000c0000000, 0x00000000c6000000, 0x00000000eab00000)
  object space 98304K, 85% used [0x00000000c0000000,0x00000000c51ede80,0x00000000c6000000)
 Metaspace       used 69671K, capacity 82792K, committed 83376K, reserved 1122304K
  class space    used 9390K, capacity 10595K, committed 10672K, reserved 1048576K
}
Event: 33794.283 GC heap before
{Heap before GC invocations=419 (full 73):
 PSYoungGen      total 158208K, used 134656K [0x00000000eab00000, 0x00000000f5e80000, 0x0000000100000000)
  eden space 134656K, 100% used [0x00000000eab00000,0x00000000f2e80000,0x00000000f2e80000)
  from space 23552K, 0% used [0x00000000f2e80000,0x00000000f2e80000,0x00000000f4580000)
  to   space 24576K, 0% used [0x00000000f4680000,0x00000000f4680000,0x00000000f5e80000)
 ParOldGen       total 98304K, used 83895K [0x00000000c0000000, 0x00000000c6000000, 0x00000000eab00000)
  object space 98304K, 85% used [0x00000000c0000000,0x00000000c51ede80,0x00000000c6000000)
 Metaspace       used 69682K, capacity 82810K, committed 83376K, reserved 1122304K
  class space    used 9392K, capacity 10598K, committed 10672K, reserved 1048576K
Event: 33794.294 GC heap after
Heap after GC invocations=419 (full 73):
 PSYoungGen      total 159744K, used 9919K [0x00000000eab00000, 0x00000000f5e00000, 0x0000000100000000)
  eden space 135680K, 0% used [0x00000000eab00000,0x00000000eab00000,0x00000000f2f80000)
  from space 24064K, 41% used [0x00000000f4680000,0x00000000f502fdb8,0x00000000f5e00000)
  to   space 23552K, 0% used [0x00000000f2f80000,0x00000000f2f80000,0x00000000f4680000)
 ParOldGen       total 98304K, used 83895K [0x00000000c0000000, 0x00000000c6000000, 0x00000000eab00000)
  object space 98304K, 85% used [0x00000000c0000000,0x00000000c51ede80,0x00000000c6000000)
 Metaspace       used 69682K, capacity 82810K, committed 83376K, reserved 1122304K
  class space    used 9392K, capacity 10598K, committed 10672K, reserved 1048576K
}
Event: 33809.240 GC heap before
{Heap before GC invocations=420 (full 73):
 PSYoungGen      total 159744K, used 145599K [0x00000000eab00000, 0x00000000f5e00000, 0x0000000100000000)
  eden space 135680K, 100% used [0x00000000eab00000,0x00000000f2f80000,0x00000000f2f80000)
  from space 24064K, 41% used [0x00000000f4680000,0x00000000f502fdb8,0x00000000f5e00000)
  to   space 23552K, 0% used [0x00000000f2f80000,0x00000000f2f80000,0x00000000f4680000)
 ParOldGen       total 98304K, used 83895K [0x00000000c0000000, 0x00000000c6000000, 0x00000000eab00000)
  object space 98304K, 85% used [0x00000000c0000000,0x00000000c51ede80,0x00000000c6000000)
 Metaspace       used 69701K, capacity 82874K, committed 83376K, reserved 1122304K
  class space    used 9392K, capacity 10598K, committed 10672K, reserved 1048576K
Event: 33809.245 GC heap after
Heap after GC invocations=420 (full 73):
 PSYoungGen      total 159232K, used 2944K [0x00000000eab00000, 0x00000000f5e80000, 0x0000000100000000)
  eden space 135680K, 0% used [0x00000000eab00000,0x00000000eab00000,0x00000000f2f80000)
  from space 23552K, 12% used [0x00000000f2f80000,0x00000000f3260000,0x00000000f4680000)
  to   space 23552K, 0% used [0x00000000f4780000,0x00000000f4780000,0x00000000f5e80000)
 ParOldGen       total 98304K, used 83903K [0x00000000c0000000, 0x00000000c6000000, 0x00000000eab00000)
  object space 98304K, 85% used [0x00000000c0000000,0x00000000c51efe80,0x00000000c6000000)
 Metaspace       used 69701K, capacity 82874K, committed 83376K, reserved 1122304K
  class space    used 9392K, capacity 10598K, committed 10672K, reserved 1048576K
}
Event: 33820.239 GC heap before
{Heap before GC invocations=421 (full 73):
 PSYoungGen      total 159232K, used 138624K [0x00000000eab00000, 0x00000000f5e80000, 0x0000000100000000)
  eden space 135680K, 100% used [0x00000000eab00000,0x00000000f2f80000,0x00000000f2f80000)
  from space 23552K, 12% used [0x00000000f2f80000,0x00000000f3260000,0x00000000f4680000)
  to   space 23552K, 0% used [0x00000000f4780000,0x00000000f4780000,0x00000000f5e80000)
 ParOldGen       total 98304K, used 83903K [0x00000000c0000000, 0x00000000c6000000, 0x00000000eab00000)
  object space 98304K, 85% used [0x00000000c0000000,0x00000000c51efe80,0x00000000c6000000)
 Metaspace       used 69713K, capacity 82880K, committed 83376K, reserved 1122304K
  class space    used 9393K, capacity 10599K, committed 10672K, reserved 1048576K
Event: 33820.245 GC heap after
Heap after GC invocations=421 (full 73):
 PSYoungGen      total 159232K, used 6330K [0x00000000eab00000, 0x00000000f5d80000, 0x0000000100000000)
  eden space 136704K, 0% used [0x00000000eab00000,0x00000000eab00000,0x00000000f3080000)
  from space 22528K, 28% used [0x00000000f4780000,0x00000000f4daeab8,0x00000000f5d80000)
  to   space 23040K, 0% used [0x00000000f3080000,0x00000000f3080000,0x00000000f4700000)
 ParOldGen       total 98304K, used 83911K [0x00000000c0000000, 0x00000000c6000000, 0x00000000eab00000)
  object space 98304K, 85% used [0x00000000c0000000,0x00000000c51f1e80,0x00000000c6000000)
 Metaspace       used 69713K, capacity 82880K, committed 83376K, reserved 1122304K
  class space    used 9393K, capacity 10599K, committed 10672K, reserved 1048576K
}
Event: 33828.173 GC heap before
{Heap before GC invocations=422 (full 73):
 PSYoungGen      total 159232K, used 143034K [0x00000000eab00000, 0x00000000f5d80000, 0x0000000100000000)
  eden space 136704K, 100% used [0x00000000eab00000,0x00000000f3080000,0x00000000f3080000)
  from space 22528K, 28% used [0x00000000f4780000,0x00000000f4daeab8,0x00000000f5d80000)
  to   space 23040K, 0% used [0x00000000f3080000,0x00000000f3080000,0x00000000f4700000)
 ParOldGen       total 98304K, used 83911K [0x00000000c0000000, 0x00000000c6000000, 0x00000000eab00000)
  object space 98304K, 85% used [0x00000000c0000000,0x00000000c51f1e80,0x00000000c6000000)
 Metaspace       used 69739K, capacity 82898K, committed 83504K, reserved 1122304K
  class space    used 9395K, capacity 10602K, committed 10800K, reserved 1048576K
Event: 33828.177 GC heap after
Heap after GC invocations=422 (full 73):
 PSYoungGen      total 159744K, used 5944K [0x00000000eab00000, 0x00000000f5d80000, 0x0000000100000000)
  eden space 136704K, 0% used [0x00000000eab00000,0x00000000eab00000,0x00000000f3080000)
  from space 23040K, 25% used [0x00000000f3080000,0x00000000f364e158,0x00000000f4700000)
  to   space 22528K, 0% used [0x00000000f4780000,0x00000000f4780000,0x00000000f5d80000)
 ParOldGen       total 98304K, used 83919K [0x00000000c0000000, 0x00000000c6000000, 0x00000000eab00000)
  object space 98304K, 85% used [0x00000000c0000000,0x00000000c51f3e80,0x00000000c6000000)
 Metaspace       used 69739K, capacity 82898K, committed 83504K, reserved 1122304K
  class space    used 9395K, capacity 10602K, committed 10800K, reserved 1048576K
}

Deoptimization events (10 events):
Event: 33705.580 Thread 0x000000001a38c800 Uncommon trap: reason=class_check action=maybe_recompile pc=0x00000000071c0560 method=org.gradle.api.internal.project.AbstractProject.getGroup()Ljava/lang/Object; @ 34
Event: 33705.609 Thread 0x000000001a38c800 Uncommon trap: reason=class_check action=maybe_recompile pc=0x00000000071c0560 method=org.gradle.api.internal.project.AbstractProject.getGroup()Ljava/lang/Object; @ 34
Event: 33705.615 Thread 0x000000001a38c800 Uncommon trap: reason=class_check action=maybe_recompile pc=0x00000000071c0560 method=org.gradle.api.internal.project.AbstractProject.getGroup()Ljava/lang/Object; @ 34
Event: 33758.312 Thread 0x000000001a38c800 Uncommon trap: reason=class_check action=maybe_recompile pc=0x00000000071c99ac method=org.gradle.api.internal.project.AbstractProject.getConfigurations()Lorg/gradle/api/artifacts/ConfigurationContainer; @ 15
Event: 33821.862 Thread 0x000000001a38c800 Uncommon trap: reason=bimorphic action=maybe_recompile pc=0x0000000005397cac method=com.google.common.collect.Lists.newArrayList(Ljava/lang/Iterable;)Ljava/util/ArrayList; @ 27
Event: 33821.885 Thread 0x000000001a38c800 Uncommon trap: reason=class_check action=maybe_recompile pc=0x0000000005500d70 method=com.sun.tools.javac.jvm.ClassReader.fillIn(Lcom/sun/tools/javac/code/Symbol$PackageSymbol;Ljavax/tools/JavaFileManager$Location;Ljava/lang/Iterable;)V @ 30
Event: 33828.237 Thread 0x000000001a38c800 Uncommon trap: reason=class_check action=maybe_recompile pc=0x000000000539974c method=com.android.build.gradle.tasks.ProcessAndroidResources_Decorated.getProperty(Ljava/lang/String;)Ljava/lang/Object; @ 5
Event: 33828.237 Thread 0x000000001a38c800 Uncommon trap: reason=class_check action=maybe_recompile pc=0x000000000539974c method=com.android.build.gradle.tasks.ProcessAndroidResources_Decorated.getProperty(Ljava/lang/String;)Ljava/lang/Object; @ 5
Event: 33828.238 Thread 0x000000001a38c800 Uncommon trap: reason=class_check action=maybe_recompile pc=0x000000000539974c method=com.android.build.gradle.tasks.ProcessAndroidResources_Decorated.getProperty(Ljava/lang/String;)Ljava/lang/Object; @ 5
Event: 33828.238 Thread 0x000000001a38c800 Uncommon trap: reason=class_check action=maybe_recompile pc=0x000000000539974c method=com.android.build.gradle.tasks.ProcessAndroidResources_Decorated.getProperty(Ljava/lang/String;)Ljava/lang/Object; @ 5

Internal exceptions (10 events):
Event: 33827.932 Thread 0x000000001a38c800 Exception <a 'java/security/PrivilegedActionException'> (0x00000000ef61ce58) thrown at [C:\re\workspace\8-2-build-windows-amd64-cygwin\jdk8u11\648\hotspot\src\share\vm\prims\jvm.cpp, line 1248]
Event: 33827.943 Thread 0x000000001a38c800 Exception <a 'java/security/PrivilegedActionException'> (0x00000000ef69b478) thrown at [C:\re\workspace\8-2-build-windows-amd64-cygwin\jdk8u11\648\hotspot\src\share\vm\prims\jvm.cpp, line 1248]
Event: 33827.943 Thread 0x000000001a38c800 Exception <a 'java/security/PrivilegedActionException'> (0x00000000ef69c568) thrown at [C:\re\workspace\8-2-build-windows-amd64-cygwin\jdk8u11\648\hotspot\src\share\vm\prims\jvm.cpp, line 1248]
Event: 33827.943 Thread 0x000000001a38c800 Exception <a 'java/security/PrivilegedActionException'> (0x00000000ef6a4d10) thrown at [C:\re\workspace\8-2-build-windows-amd64-cygwin\jdk8u11\648\hotspot\src\share\vm\prims\jvm.cpp, line 1248]
Event: 33827.943 Thread 0x000000001a38c800 Exception <a 'java/security/PrivilegedActionException'> (0x00000000ef6a9c60) thrown at [C:\re\workspace\8-2-build-windows-amd64-cygwin\jdk8u11\648\hotspot\src\share\vm\prims\jvm.cpp, line 1248]
Event: 33827.943 Thread 0x000000001a38c800 Exception <a 'java/security/PrivilegedActionException'> (0x00000000ef6ab128) thrown at [C:\re\workspace\8-2-build-windows-amd64-cygwin\jdk8u11\648\hotspot\src\share\vm\prims\jvm.cpp, line 1248]
Event: 33827.943 Thread 0x000000001a38c800 Exception <a 'java/security/PrivilegedActionException'> (0x00000000ef6b4950) thrown at [C:\re\workspace\8-2-build-windows-amd64-cygwin\jdk8u11\648\hotspot\src\share\vm\prims\jvm.cpp, line 1248]
Event: 33827.945 Thread 0x000000001a38c800 Exception <a 'java/security/PrivilegedActionException'> (0x00000000ef6da188) thrown at [C:\re\workspace\8-2-build-windows-amd64-cygwin\jdk8u11\648\hotspot\src\share\vm\prims\jvm.cpp, line 1248]
Event: 33827.945 Thread 0x000000001a38c800 Exception <a 'java/security/PrivilegedActionException'> (0x00000000ef6dba08) thrown at [C:\re\workspace\8-2-build-windows-amd64-cygwin\jdk8u11\648\hotspot\src\share\vm\prims\jvm.cpp, line 1248]
Event: 33827.945 Thread 0x000000001a38c800 Exception <a 'java/security/PrivilegedActionException'> (0x00000000ef6e5fc0) thrown at [C:\re\workspace\8-2-build-windows-amd64-cygwin\jdk8u11\648\hotspot\src\share\vm\prims\jvm.cpp, line 1248]

Events (10 events):
Event: 33828.587 Executing VM operation: RevokeBias done
Event: 33828.587 Executing VM operation: RevokeBias
Event: 33828.588 Executing VM operation: RevokeBias done
Event: 33828.588 Executing VM operation: RevokeBias
Event: 33828.588 Executing VM operation: RevokeBias done
Event: 33828.589 Executing VM operation: RevokeBias
Event: 33828.589 Executing VM operation: RevokeBias done
Event: 33828.589 Executing VM operation: RevokeBias
Event: 33828.589 Executing VM operation: RevokeBias done
Event: 33828.591 Thread 0x000000001a383800 Thread exited: 0x000000001a383800


Dynamic libraries:
0x00007ff7a0b10000 - 0x00007ff7a0b44000 	C:\Program Files\Java\jdk1.8.0_11\bin\java.exe
0x00007ff945210000 - 0x00007ff9453d1000 	C:\WINDOWS\SYSTEM32\ntdll.dll
0x00007ff9428e0000 - 0x00007ff94298d000 	C:\WINDOWS\system32\KERNEL32.DLL
0x00007ff9426b0000 - 0x00007ff94288d000 	C:\WINDOWS\system32\KERNELBASE.dll
0x00007ff942d10000 - 0x00007ff942db6000 	C:\WINDOWS\system32\ADVAPI32.dll
0x00007ff942c70000 - 0x00007ff942d0d000 	C:\WINDOWS\system32\msvcrt.dll
0x00007ff9451b0000 - 0x00007ff94520b000 	C:\WINDOWS\system32\sechost.dll
0x00007ff944990000 - 0x00007ff944ab6000 	C:\WINDOWS\system32\RPCRT4.dll
0x00007ff945060000 - 0x00007ff9451ae000 	C:\WINDOWS\system32\USER32.dll
0x00007ff9429b0000 - 0x00007ff942b36000 	C:\WINDOWS\system32\GDI32.dll
0x00007ff93c910000 - 0x00007ff93cb84000 	C:\WINDOWS\WinSxS\amd64_microsoft.windows.common-controls_6595b64144ccf1df_6.0.10240.16384_none_f41f7b285750ef43\COMCTL32.dll
0x00007ff943120000 - 0x00007ff943156000 	C:\WINDOWS\system32\IMM32.DLL
0x00007ff9431d0000 - 0x00007ff94332c000 	C:\WINDOWS\system32\MSCTF.dll
0x00007ff941b30000 - 0x00007ff941b61000 	C:\Windows\system32\nvinitx.dll
0x00007ff941b20000 - 0x00007ff941b2a000 	C:\WINDOWS\SYSTEM32\VERSION.dll
0x0000000059d80000 - 0x0000000059e52000 	C:\Program Files\Java\jdk1.8.0_11\jre\bin\msvcr100.dll
0x000000005a200000 - 0x000000005aa2a000 	C:\Program Files\Java\jdk1.8.0_11\jre\bin\server\jvm.dll
0x00007ff9431c0000 - 0x00007ff9431c8000 	C:\WINDOWS\system32\PSAPI.DLL
0x00007ff938e80000 - 0x00007ff938e89000 	C:\WINDOWS\SYSTEM32\WSOCK32.dll
0x00007ff93fe90000 - 0x00007ff93feb3000 	C:\WINDOWS\SYSTEM32\WINMM.dll
0x00007ff942b40000 - 0x00007ff942ba9000 	C:\WINDOWS\system32\WS2_32.dll
0x00007ff942990000 - 0x00007ff942998000 	C:\WINDOWS\system32\NSI.dll
0x00007ff93fe60000 - 0x00007ff93fe8c000 	C:\WINDOWS\SYSTEM32\WINMMBASE.dll
0x00007ff942890000 - 0x00007ff9428d4000 	C:\WINDOWS\system32\cfgmgr32.dll
0x00007ff940560000 - 0x00007ff940587000 	C:\WINDOWS\SYSTEM32\DEVOBJ.dll
0x000000005a1f0000 - 0x000000005a1ff000 	C:\Program Files\Java\jdk1.8.0_11\jre\bin\verify.dll
0x000000005a1c0000 - 0x000000005a1e8000 	C:\Program Files\Java\jdk1.8.0_11\jre\bin\java.dll
0x000000005a1a0000 - 0x000000005a1b6000 	C:\Program Files\Java\jdk1.8.0_11\jre\bin\zip.dll
0x00007ff943330000 - 0x00007ff944852000 	C:\WINDOWS\system32\SHELL32.dll
0x00007ff941d90000 - 0x00007ff9423b8000 	C:\WINDOWS\system32\windows.storage.dll
0x00007ff944c10000 - 0x00007ff944e8c000 	C:\WINDOWS\system32\combase.dll
0x00007ff942fe0000 - 0x00007ff943031000 	C:\WINDOWS\system32\shlwapi.dll
0x00007ff941cd0000 - 0x00007ff941cdf000 	C:\WINDOWS\system32\kernel.appcore.dll
0x00007ff9425f0000 - 0x00007ff9426a3000 	C:\WINDOWS\system32\shcore.dll
0x00007ff941c40000 - 0x00007ff941c8a000 	C:\WINDOWS\system32\powrprof.dll
0x00007ff941c90000 - 0x00007ff941ca3000 	C:\WINDOWS\system32\profapi.dll
0x000000005a180000 - 0x000000005a19a000 	C:\Program Files\Java\jdk1.8.0_11\jre\bin\net.dll
0x00007ff941400000 - 0x00007ff94145d000 	C:\WINDOWS\system32\mswsock.dll
0x000000005a160000 - 0x000000005a171000 	C:\Program Files\Java\jdk1.8.0_11\jre\bin\nio.dll
0x00007ff938c20000 - 0x00007ff938c32000 	C:\Users\Bloom\.gradle\native\19\windows-amd64\native-platform.dll
0x00007ff940080000 - 0x00007ff9400b8000 	C:\WINDOWS\SYSTEM32\IPHLPAPI.DLL
0x00007ff940010000 - 0x00007ff94001b000 	C:\WINDOWS\SYSTEM32\WINNSI.DLL
0x00007ff93e9f0000 - 0x00007ff93ea06000 	C:\WINDOWS\SYSTEM32\dhcpcsvc6.DLL
0x00007ff93e9d0000 - 0x00007ff93e9ea000 	C:\WINDOWS\SYSTEM32\dhcpcsvc.DLL
0x00007ff941460000 - 0x00007ff941477000 	C:\WINDOWS\SYSTEM32\CRYPTSP.dll
0x00007ff941b70000 - 0x00007ff941b98000 	C:\WINDOWS\SYSTEM32\bcrypt.dll
0x00007ff9410b0000 - 0x00007ff9410e3000 	C:\WINDOWS\system32\rsaenh.dll
0x00007ff941250000 - 0x00007ff94126f000 	C:\WINDOWS\SYSTEM32\USERENV.dll
0x00007ff9419b0000 - 0x00007ff941a1b000 	C:\WINDOWS\system32\bcryptprimitives.dll
0x00007ff9415b0000 - 0x00007ff9415bb000 	C:\WINDOWS\SYSTEM32\CRYPTBASE.dll
0x0000000059f60000 - 0x0000000059f6d000 	C:\Program Files\Java\jdk1.8.0_11\jre\bin\management.dll
0x0000000059e90000 - 0x0000000059eb4000 	C:\Program Files\Java\jdk1.8.0_11\jre\bin\sunec.dll
0x00007ff9411a0000 - 0x00007ff941248000 	C:\WINDOWS\SYSTEM32\DNSAPI.dll
0x00007ff936760000 - 0x00007ff93676a000 	C:\Windows\System32\rasadhlp.dll
0x00007ff93b300000 - 0x00007ff93b368000 	C:\WINDOWS\System32\fwpuclnt.dll
0x00007ff933e70000 - 0x00007ff933e85000 	C:\WINDOWS\system32\napinsp.dll
0x00007ff933e90000 - 0x00007ff933eaa000 	C:\WINDOWS\system32\pnrpnsp.dll
0x00007ff93f210000 - 0x00007ff93f228000 	C:\WINDOWS\system32\NLAapi.dll
0x00007ff9345f0000 - 0x00007ff9345fd000 	C:\WINDOWS\System32\winrnr.dll
0x00007ff934a10000 - 0x00007ff934a25000 	C:\WINDOWS\system32\wshbth.dll
0x00007ff93fd10000 - 0x00007ff93fd88000 	C:\WINDOWS\system32\apphelp.dll
0x00007ff93e7e0000 - 0x00007ff93e96a000 	C:\WINDOWS\SYSTEM32\dbghelp.dll

VM Arguments:
jvm_args: -XX:MaxPermSize=256m -XX:+HeapDumpOnOutOfMemoryError -Xmx1024m -Dfile.encoding=windows-1252 -Duser.country=US -Duser.language=en -Duser.variant 
java_command: org.gradle.launcher.daemon.bootstrap.GradleDaemon 2.8
java_class_path (initial): C:\Program Files\Android\Android Studio\gradle\gradle-2.8\lib\gradle-launcher-2.8.jar
Launcher Type: SUN_STANDARD

Environment Variables:
JAVA_HOME=C:\Program Files\Java\jdk1.8.0_11
PATH=C:\Windows\System32\ipconfig.exe;F:\Work\AndroidBundle\adt-bundle-windows-x86_64-20140702\sdk\platform-tools;C:\Program Files\nodejs\;F:\Work\AndroidBundle\adt-bundle-windows-x86_64-20140702\sdk\tools;C:\Windows\System32;F:\Work\AndroidBundle\adt-bundle-windows-x86_64-20140702\sdk;C:\Windows\;C:\Windows\System32\Wbem;C:\Windows\System32\WindowsPowerShell\v1.0\;C:\Program Files (x86)\Windows Live\Shared;C:\Program Files (x86)\Skype\Phone\;C:\Users\Bloom\AppData\Roaming\npm;C:\Program Files (x86)\WinAnt\bin
USERNAME=Bloom
OS=Windows_NT
PROCESSOR_IDENTIFIER=Intel64 Family 6 Model 58 Stepping 9, GenuineIntel



---------------  S Y S T E M  ---------------

OS: Windows 8.1 , 64 bit Build 9600 

CPU:total 8 (4 cores per cpu, 2 threads per core) family 6 model 58 stepping 9, cmov, cx8, fxsr, mmx, sse, sse2, sse3, ssse3, sse4.1, sse4.2, popcnt, avx, aes, clmul, erms, ht, tsc, tscinvbit

Memory: 4k page, physical 6125928k(850192k free), swap 14824076k(97920k free)

vm_info: Java HotSpot(TM) 64-Bit Server VM (25.11-b03) for windows-amd64 JRE (1.8.0_11-b12), built on Jun 16 2014 20:57:32 by "java_re" with MS VC++ 10.0 (VS2010)

time: Sat Jan 09 10:22:34 2016
elapsed time: 33828 seconds

