#
# There is insufficient memory for the Java Runtime Environment to continue.
# Native memory allocation (malloc) failed to allocate 133296 bytes for Chunk::new
# Possible reasons:
#   The system is out of physical RAM or swap space
#   In 32 bit mode, the process size limit was hit
# Possible solutions:
#   Reduce memory load on the system
#   Increase physical memory or swap space
#   Check if swap backing store is full
#   Use 64 bit Java on a 64 bit OS
#   Decrease Java heap size (-Xmx/-Xms)
#   Decrease number of Java threads
#   Decrease Java thread stack sizes (-Xss)
#   Set larger code cache with -XX:ReservedCodeCacheSize=
# This output file may be truncated or incomplete.
#
#  Out of Memory Error (allocation.cpp:388), pid=10548, tid=1684
#
# JRE version: Java(TM) SE Runtime Environment (8.0_11-b12) (build 1.8.0_11-b12)
# Java VM: Java HotSpot(TM) 64-Bit Server VM (25.11-b03 mixed mode windows-amd64 compressed oops)
# Failed to write core dump. Minidumps are not enabled by default on client versions of Windows
#

---------------  T H R E A D  ---------------

Current thread (0x0000000016ec9800):  JavaThread "C2 CompilerThread0" daemon [_thread_in_native, id=1684, stack(0x00000000174a0000,0x00000000175a0000)]

Stack: [0x00000000174a0000,0x00000000175a0000]
Native frames: (J=compiled Java code, j=interpreted, Vv=VM code, C=native code)
V  [jvm.dll+0x308eca]


Current CompileTask:
C2:   1013  729   !   4       com.android.dx.rop.code.RegisterSpec::intern (70 bytes)


---------------  P R O C E S S  ---------------

Java Threads: ( => current thread )
  0x00000000171b7800 JavaThread "pool-2-thread-1" [_thread_blocked, id=9296, stack(0x0000000017ba0000,0x0000000017ca0000)]
  0x0000000016f2b800 JavaThread "Service Thread" daemon [_thread_blocked, id=8636, stack(0x00000000178a0000,0x00000000179a0000)]
  0x0000000016f21800 JavaThread "C1 CompilerThread3" daemon [_thread_in_native, id=11168, stack(0x00000000177a0000,0x00000000178a0000)]
  0x0000000016f1e800 JavaThread "C2 CompilerThread2" daemon [_thread_in_native, id=11144, stack(0x00000000176a0000,0x00000000177a0000)]
  0x0000000016f1c800 JavaThread "C2 CompilerThread1" daemon [_thread_in_native, id=9836, stack(0x00000000175a0000,0x00000000176a0000)]
=>0x0000000016ec9800 JavaThread "C2 CompilerThread0" daemon [_thread_in_native, id=1684, stack(0x00000000174a0000,0x00000000175a0000)]
  0x0000000016ec4800 JavaThread "Attach Listener" daemon [_thread_blocked, id=9860, stack(0x00000000173a0000,0x00000000174a0000)]
  0x0000000016ec4000 JavaThread "Signal Dispatcher" daemon [_thread_blocked, id=3624, stack(0x00000000172a0000,0x00000000173a0000)]
  0x0000000002388000 JavaThread "Finalizer" daemon [_thread_blocked, id=8352, stack(0x0000000016da0000,0x0000000016ea0000)]
  0x0000000014eac000 JavaThread "Reference Handler" daemon [_thread_blocked, id=3652, stack(0x0000000016ca0000,0x0000000016da0000)]
  0x0000000002291000 JavaThread "main" [_thread_blocked, id=10972, stack(0x0000000002190000,0x0000000002290000)]

Other Threads:
  0x0000000014ea8000 VMThread [stack: 0x0000000016ba0000,0x0000000016ca0000] [id=10504]
  0x0000000016f2e800 WatcherThread [stack: 0x00000000179a0000,0x0000000017aa0000] [id=10988]

VM state:not at safepoint (normal execution)

VM Mutex/Monitor currently owned by a thread:  ([mutex/lock_event])
[0x000000000218b880] CodeCache_lock - owner thread: 0x0000000000000000

Heap:
 PSYoungGen      total 5632K, used 4292K [0x00000000eab00000, 0x00000000eb200000, 0x0000000100000000)
  eden space 4096K, 67% used [0x00000000eab00000,0x00000000eadb4cd8,0x00000000eaf00000)
  from space 1536K, 99% used [0x00000000eaf00000,0x00000000eb07c350,0x00000000eb080000)
  to   space 1536K, 0% used [0x00000000eb080000,0x00000000eb080000,0x00000000eb200000)
 ParOldGen       total 94720K, used 1695K [0x00000000c0000000, 0x00000000c5c80000, 0x00000000eab00000)
  object space 94720K, 1% used [0x00000000c0000000,0x00000000c01a7ce8,0x00000000c5c80000)
 Metaspace       used 5544K, capacity 6640K, committed 6784K, reserved 1056768K
  class space    used 589K, capacity 616K, committed 640K, reserved 1048576K

Card table byte_map: [0x0000000011750000,0x0000000011960000] byte_map_base: 0x0000000011150000

Marking Bits: (ParMarkBitMap*) 0x000000005a9b12b0
 Begin Bits: [0x00000000122c0000, 0x00000000132c0000)
 End Bits:   [0x00000000132c0000, 0x00000000142c0000)

Polling page: 0x00000000007a0000

CodeCache: size=245760Kb used=2913Kb max_used=2913Kb free=242846Kb
 bounds [0x0000000002390000, 0x0000000002670000, 0x0000000011390000]
 total_blobs=1061 nmethods=797 adapters=178
 compilation: enabled

Compilation events (10 events):
Event: 1.005 Thread 0x0000000016f21800 nmethod 791 0x000000000265d950 code [0x000000000265de20, 0x0000000002661318]
Event: 1.005 Thread 0x0000000016f21800  803       3       com.android.dx.ssa.SsaRenamer$BlockRenamer::process (191 bytes)
Event: 1.006 Thread 0x0000000016f1c800  814       4       com.android.dx.ssa.NormalSsaInsn::mapSourceRegisters (48 bytes)
Event: 1.006 Thread 0x0000000016f1e800  815       4       com.android.dx.util.FixedSizeList::equals (41 bytes)
Event: 1.008 Thread 0x0000000016f21800 nmethod 803 0x0000000002663c10 code [0x0000000002663f60, 0x0000000002665af8]
Event: 1.008 Thread 0x0000000016f21800  796       3       com.android.dx.ssa.SsaRenamer$BlockRenamer::updateSuccessorPhis (64 bytes)
Event: 1.009 Thread 0x0000000016f21800 nmethod 796 0x000000000265a990 code [0x000000000265aba0, 0x000000000265b4c8]
Event: 1.009 Thread 0x0000000016f21800  809       3       com.android.dx.ssa.back.SsaToRop::convertInsns (53 bytes)
Event: 1.010 Thread 0x0000000016f21800 nmethod 809 0x0000000002666b90 code [0x0000000002666e00, 0x0000000002667ce8]
Event: 1.010 Thread 0x0000000016f21800  808       3       com.android.dx.ssa.SsaBasicBlock::getRopLabelSuccessorList (57 bytes)

GC Heap History (10 events):
Event: 0.321 GC heap before
{Heap before GC invocations=3 (full 0):
 PSYoungGen      total 1536K, used 1504K [0x00000000eab00000, 0x00000000ead00000, 0x0000000100000000)
  eden space 1024K, 100% used [0x00000000eab00000,0x00000000eac00000,0x00000000eac00000)
  from space 512K, 93% used [0x00000000eac80000,0x00000000eacf8020,0x00000000ead00000)
  to   space 512K, 0% used [0x00000000eac00000,0x00000000eac00000,0x00000000eac80000)
 ParOldGen       total 94720K, used 190K [0x00000000c0000000, 0x00000000c5c80000, 0x00000000eab00000)
  object space 94720K, 0% used [0x00000000c0000000,0x00000000c002fa20,0x00000000c5c80000)
 Metaspace       used 3482K, capacity 4784K, committed 5120K, reserved 1056768K
  class space    used 386K, capacity 424K, committed 512K, reserved 1048576K
Event: 0.330 GC heap after
Heap after GC invocations=3 (full 0):
 PSYoungGen      total 1536K, used 512K [0x00000000eab00000, 0x00000000eae00000, 0x0000000100000000)
  eden space 1024K, 0% used [0x00000000eab00000,0x00000000eab00000,0x00000000eac00000)
  from space 512K, 100% used [0x00000000eac00000,0x00000000eac80000,0x00000000eac80000)
  to   space 512K, 0% used [0x00000000ead80000,0x00000000ead80000,0x00000000eae00000)
 ParOldGen       total 94720K, used 446K [0x00000000c0000000, 0x00000000c5c80000, 0x00000000eab00000)
  object space 94720K, 0% used [0x00000000c0000000,0x00000000c006f9a0,0x00000000c5c80000)
 Metaspace       used 3482K, capacity 4784K, committed 5120K, reserved 1056768K
  class space    used 386K, capacity 424K, committed 512K, reserved 1048576K
}
Event: 0.434 GC heap before
{Heap before GC invocations=4 (full 0):
 PSYoungGen      total 1536K, used 1536K [0x00000000eab00000, 0x00000000eae00000, 0x0000000100000000)
  eden space 1024K, 100% used [0x00000000eab00000,0x00000000eac00000,0x00000000eac00000)
  from space 512K, 100% used [0x00000000eac00000,0x00000000eac80000,0x00000000eac80000)
  to   space 512K, 0% used [0x00000000ead80000,0x00000000ead80000,0x00000000eae00000)
 ParOldGen       total 94720K, used 446K [0x00000000c0000000, 0x00000000c5c80000, 0x00000000eab00000)
  object space 94720K, 0% used [0x00000000c0000000,0x00000000c006f9a0,0x00000000c5c80000)
 Metaspace       used 3786K, capacity 5104K, committed 5376K, reserved 1056768K
  class space    used 430K, capacity 488K, committed 512K, reserved 1048576K
Event: 0.439 GC heap after
Heap after GC invocations=4 (full 0):
 PSYoungGen      total 2560K, used 496K [0x00000000eab00000, 0x00000000eae00000, 0x0000000100000000)
  eden space 2048K, 0% used [0x00000000eab00000,0x00000000eab00000,0x00000000ead00000)
  from space 512K, 96% used [0x00000000ead80000,0x00000000eadfc010,0x00000000eae00000)
  to   space 512K, 0% used [0x00000000ead00000,0x00000000ead00000,0x00000000ead80000)
 ParOldGen       total 94720K, used 804K [0x00000000c0000000, 0x00000000c5c80000, 0x00000000eab00000)
  object space 94720K, 0% used [0x00000000c0000000,0x00000000c00c93e8,0x00000000c5c80000)
 Metaspace       used 3786K, capacity 5104K, committed 5376K, reserved 1056768K
  class space    used 430K, capacity 488K, committed 512K, reserved 1048576K
}
Event: 0.534 GC heap before
{Heap before GC invocations=5 (full 0):
 PSYoungGen      total 2560K, used 2544K [0x00000000eab00000, 0x00000000eae00000, 0x0000000100000000)
  eden space 2048K, 100% used [0x00000000eab00000,0x00000000ead00000,0x00000000ead00000)
  from space 512K, 96% used [0x00000000ead80000,0x00000000eadfc010,0x00000000eae00000)
  to   space 512K, 0% used [0x00000000ead00000,0x00000000ead00000,0x00000000ead80000)
 ParOldGen       total 94720K, used 804K [0x00000000c0000000, 0x00000000c5c80000, 0x00000000eab00000)
  object space 94720K, 0% used [0x00000000c0000000,0x00000000c00c93e8,0x00000000c5c80000)
 Metaspace       used 4313K, capacity 5520K, committed 5760K, reserved 1056768K
  class space    used 486K, capacity 520K, committed 640K, reserved 1048576K
Event: 0.562 GC heap after
Heap after GC invocations=5 (full 0):
 PSYoungGen      total 2560K, used 480K [0x00000000eab00000, 0x00000000eb200000, 0x0000000100000000)
  eden space 2048K, 0% used [0x00000000eab00000,0x00000000eab00000,0x00000000ead00000)
  from space 512K, 93% used [0x00000000ead00000,0x00000000ead78020,0x00000000ead80000)
  to   space 1536K, 0% used [0x00000000eb080000,0x00000000eb080000,0x00000000eb200000)
 ParOldGen       total 94720K, used 1489K [0x00000000c0000000, 0x00000000c5c80000, 0x00000000eab00000)
  object space 94720K, 1% used [0x00000000c0000000,0x00000000c01746e0,0x00000000c5c80000)
 Metaspace       used 4313K, capacity 5520K, committed 5760K, reserved 1056768K
  class space    used 486K, capacity 520K, committed 640K, reserved 1048576K
}
Event: 0.688 GC heap before
{Heap before GC invocations=6 (full 0):
 PSYoungGen      total 2560K, used 2528K [0x00000000eab00000, 0x00000000eb200000, 0x0000000100000000)
  eden space 2048K, 100% used [0x00000000eab00000,0x00000000ead00000,0x00000000ead00000)
  from space 512K, 93% used [0x00000000ead00000,0x00000000ead78020,0x00000000ead80000)
  to   space 1536K, 0% used [0x00000000eb080000,0x00000000eb080000,0x00000000eb200000)
 ParOldGen       total 94720K, used 1489K [0x00000000c0000000, 0x00000000c5c80000, 0x00000000eab00000)
  object space 94720K, 1% used [0x00000000c0000000,0x00000000c01746e0,0x00000000c5c80000)
 Metaspace       used 4957K, capacity 6096K, committed 6272K, reserved 1056768K
  class space    used 557K, capacity 584K, committed 640K, reserved 1048576K
Event: 0.704 GC heap after
Heap after GC invocations=6 (full 0):
 PSYoungGen      total 5632K, used 1155K [0x00000000eab00000, 0x00000000eb200000, 0x0000000100000000)
  eden space 4096K, 0% used [0x00000000eab00000,0x00000000eab00000,0x00000000eaf00000)
  from space 1536K, 75% used [0x00000000eb080000,0x00000000eb1a0cf8,0x00000000eb200000)
  to   space 1536K, 0% used [0x00000000eaf00000,0x00000000eaf00000,0x00000000eb080000)
 ParOldGen       total 94720K, used 1489K [0x00000000c0000000, 0x00000000c5c80000, 0x00000000eab00000)
  object space 94720K, 1% used [0x00000000c0000000,0x00000000c01746e0,0x00000000c5c80000)
 Metaspace       used 4957K, capacity 6096K, committed 6272K, reserved 1056768K
  class space    used 557K, capacity 584K, committed 640K, reserved 1048576K
}
Event: 0.887 GC heap before
{Heap before GC invocations=7 (full 0):
 PSYoungGen      total 5632K, used 5251K [0x00000000eab00000, 0x00000000eb200000, 0x0000000100000000)
  eden space 4096K, 100% used [0x00000000eab00000,0x00000000eaf00000,0x00000000eaf00000)
  from space 1536K, 75% used [0x00000000eb080000,0x00000000eb1a0cf8,0x00000000eb200000)
  to   space 1536K, 0% used [0x00000000eaf00000,0x00000000eaf00000,0x00000000eb080000)
 ParOldGen       total 94720K, used 1489K [0x00000000c0000000, 0x00000000c5c80000, 0x00000000eab00000)
  object space 94720K, 1% used [0x00000000c0000000,0x00000000c01746e0,0x00000000c5c80000)
 Metaspace       used 5466K, capacity 6576K, committed 6784K, reserved 1056768K
  class space    used 589K, capacity 616K, committed 640K, reserved 1048576K
Event: 0.927 GC heap after
Heap after GC invocations=7 (full 0):
 PSYoungGen      total 5632K, used 1520K [0x00000000eab00000, 0x00000000eb200000, 0x0000000100000000)
  eden space 4096K, 0% used [0x00000000eab00000,0x00000000eab00000,0x00000000eaf00000)
  from space 1536K, 99% used [0x00000000eaf00000,0x00000000eb07c350,0x00000000eb080000)
  to   space 1536K, 0% used [0x00000000eb080000,0x00000000eb080000,0x00000000eb200000)
 ParOldGen       total 94720K, used 1695K [0x00000000c0000000, 0x00000000c5c80000, 0x00000000eab00000)
  object space 94720K, 1% used [0x00000000c0000000,0x00000000c01a7ce8,0x00000000c5c80000)
 Metaspace       used 5466K, capacity 6576K, committed 6784K, reserved 1056768K
  class space    used 589K, capacity 616K, committed 640K, reserved 1048576K
}

Deoptimization events (0 events):
No events

Internal exceptions (10 events):
Event: 0.749 Thread 0x0000000017193000 Exception <a 'java/security/PrivilegedActionException'> (0x00000000eac1dc28) thrown at [C:\re\workspace\8-2-build-windows-amd64-cygwin\jdk8u11\648\hotspot\src\share\vm\prims\jvm.cpp, line 1248]
Event: 0.760 Thread 0x00000000171bd800 Exception <a 'java/security/PrivilegedActionException'> (0x00000000eac16570) thrown at [C:\re\workspace\8-2-build-windows-amd64-cygwin\jdk8u11\648\hotspot\src\share\vm\prims\jvm.cpp, line 1248]
Event: 0.762 Thread 0x00000000171bd800 Exception <a 'java/security/PrivilegedActionException'> (0x00000000eac28120) thrown at [C:\re\workspace\8-2-build-windows-amd64-cygwin\jdk8u11\648\hotspot\src\share\vm\prims\jvm.cpp, line 1248]
Event: 0.769 Thread 0x00000000171bb000 Exception <a 'java/security/PrivilegedActionException'> (0x00000000eac54ee8) thrown at [C:\re\workspace\8-2-build-windows-amd64-cygwin\jdk8u11\648\hotspot\src\share\vm\prims\jvm.cpp, line 1248]
Event: 0.773 Thread 0x00000000171bb000 Exception <a 'java/security/PrivilegedActionException'> (0x00000000eac7b678) thrown at [C:\re\workspace\8-2-build-windows-amd64-cygwin\jdk8u11\648\hotspot\src\share\vm\prims\jvm.cpp, line 1248]
Event: 0.774 Thread 0x00000000171bb000 Exception <a 'java/security/PrivilegedActionException'> (0x00000000eac8ae70) thrown at [C:\re\workspace\8-2-build-windows-amd64-cygwin\jdk8u11\648\hotspot\src\share\vm\prims\jvm.cpp, line 1248]
Event: 0.775 Thread 0x00000000171bb000 Exception <a 'java/security/PrivilegedActionException'> (0x00000000eac90408) thrown at [C:\re\workspace\8-2-build-windows-amd64-cygwin\jdk8u11\648\hotspot\src\share\vm\prims\jvm.cpp, line 1248]
Event: 0.794 Thread 0x0000000002291000 Exception <a 'java/security/PrivilegedActionException'> (0x00000000eace59e8) thrown at [C:\re\workspace\8-2-build-windows-amd64-cygwin\jdk8u11\648\hotspot\src\share\vm\prims\jvm.cpp, line 1248]
Event: 0.870 Thread 0x00000000171bd800 Exception <a 'java/security/PrivilegedActionException'> (0x00000000eae97008) thrown at [C:\re\workspace\8-2-build-windows-amd64-cygwin\jdk8u11\648\hotspot\src\share\vm\prims\jvm.cpp, line 1248]
Event: 0.955 Thread 0x00000000171bd800 Exception <a 'java/security/PrivilegedActionException'> (0x00000000eabe5638) thrown at [C:\re\workspace\8-2-build-windows-amd64-cygwin\jdk8u11\648\hotspot\src\share\vm\prims\jvm.cpp, line 1248]

Events (10 events):
Event: 0.870 loading class com/android/dx/dex/file/MethodAnnotationStruct done
Event: 0.878 loading class java/util/ArrayList$1
Event: 0.878 loading class java/util/ArrayList$1 done
Event: 0.882 Executing VM operation: ParallelGCFailedAllocation
Event: 0.927 Executing VM operation: ParallelGCFailedAllocation done
Event: 0.955 loading class com/android/dx/ssa/back/FirstFitLocalCombiningAllocator$Multiset
Event: 0.955 loading class com/android/dx/ssa/back/FirstFitLocalCombiningAllocator$Multiset done
Event: 0.970 Thread 0x00000000171bd800 Thread exited: 0x00000000171bd800
Event: 0.975 Thread 0x00000000171be800 Thread exited: 0x00000000171be800
Event: 1.007 Thread 0x0000000017193000 Thread exited: 0x0000000017193000


Dynamic libraries:
0x00007ff7a0b10000 - 0x00007ff7a0b44000 	C:\Program Files\Java\jdk1.8.0_11\bin\java.exe
0x00007ff945210000 - 0x00007ff9453d1000 	C:\WINDOWS\SYSTEM32\ntdll.dll
0x00007ff9428e0000 - 0x00007ff94298d000 	C:\WINDOWS\system32\KERNEL32.DLL
0x00007ff9426b0000 - 0x00007ff94288d000 	C:\WINDOWS\system32\KERNELBASE.dll
0x00007ff942d10000 - 0x00007ff942db6000 	C:\WINDOWS\system32\ADVAPI32.dll
0x00007ff942c70000 - 0x00007ff942d0d000 	C:\WINDOWS\system32\msvcrt.dll
0x00007ff9451b0000 - 0x00007ff94520b000 	C:\WINDOWS\system32\sechost.dll
0x00007ff944990000 - 0x00007ff944ab6000 	C:\WINDOWS\system32\RPCRT4.dll
0x00007ff945060000 - 0x00007ff9451ae000 	C:\WINDOWS\system32\USER32.dll
0x00007ff9429b0000 - 0x00007ff942b36000 	C:\WINDOWS\system32\GDI32.dll
0x00007ff93c910000 - 0x00007ff93cb84000 	C:\WINDOWS\WinSxS\amd64_microsoft.windows.common-controls_6595b64144ccf1df_6.0.10240.16384_none_f41f7b285750ef43\COMCTL32.dll
0x00007ff943120000 - 0x00007ff943156000 	C:\WINDOWS\system32\IMM32.DLL
0x00007ff9431d0000 - 0x00007ff94332c000 	C:\WINDOWS\system32\MSCTF.dll
0x00007ff941b30000 - 0x00007ff941b61000 	C:\Windows\system32\nvinitx.dll
0x00007ff941b20000 - 0x00007ff941b2a000 	C:\WINDOWS\SYSTEM32\VERSION.dll
0x0000000059d80000 - 0x0000000059e52000 	C:\Program Files\Java\jdk1.8.0_11\jre\bin\msvcr100.dll
0x000000005a200000 - 0x000000005aa2a000 	C:\Program Files\Java\jdk1.8.0_11\jre\bin\server\jvm.dll
0x00007ff9431c0000 - 0x00007ff9431c8000 	C:\WINDOWS\system32\PSAPI.DLL
0x00007ff938e80000 - 0x00007ff938e89000 	C:\WINDOWS\SYSTEM32\WSOCK32.dll
0x00007ff93fe90000 - 0x00007ff93feb3000 	C:\WINDOWS\SYSTEM32\WINMM.dll
0x00007ff942b40000 - 0x00007ff942ba9000 	C:\WINDOWS\system32\WS2_32.dll
0x00007ff942990000 - 0x00007ff942998000 	C:\WINDOWS\system32\NSI.dll
0x00007ff93fe60000 - 0x00007ff93fe8c000 	C:\WINDOWS\SYSTEM32\WINMMBASE.dll
0x00007ff942890000 - 0x00007ff9428d4000 	C:\WINDOWS\system32\cfgmgr32.dll
0x00007ff940560000 - 0x00007ff940587000 	C:\WINDOWS\SYSTEM32\DEVOBJ.dll
0x000000005a1f0000 - 0x000000005a1ff000 	C:\Program Files\Java\jdk1.8.0_11\jre\bin\verify.dll
0x000000005a1c0000 - 0x000000005a1e8000 	C:\Program Files\Java\jdk1.8.0_11\jre\bin\java.dll
0x000000005a1a0000 - 0x000000005a1b6000 	C:\Program Files\Java\jdk1.8.0_11\jre\bin\zip.dll
0x00007ff943330000 - 0x00007ff944852000 	C:\WINDOWS\system32\SHELL32.dll
0x00007ff941d90000 - 0x00007ff9423b8000 	C:\WINDOWS\system32\windows.storage.dll
0x00007ff944c10000 - 0x00007ff944e8c000 	C:\WINDOWS\system32\combase.dll
0x00007ff942fe0000 - 0x00007ff943031000 	C:\WINDOWS\system32\shlwapi.dll
0x00007ff941cd0000 - 0x00007ff941cdf000 	C:\WINDOWS\system32\kernel.appcore.dll
0x00007ff9425f0000 - 0x00007ff9426a3000 	C:\WINDOWS\system32\shcore.dll
0x00007ff941c40000 - 0x00007ff941c8a000 	C:\WINDOWS\system32\powrprof.dll
0x00007ff941c90000 - 0x00007ff941ca3000 	C:\WINDOWS\system32\profapi.dll

VM Arguments:
jvm_args: -Djava.awt.headless=true -Xmx1024M -Dfile.encoding=windows-1252 -Duser.country=US -Duser.language=en -Duser.variant 
java_command: com.android.dx.command.Main --dex --num-threads=4 --output C:\Users\Bloom\AndroidStudioProjects\Wanderlust\app\build\intermediates\pre-dexed\debug\com.github.paolorotolo-appintro-3.1.0_f6ad1c188872f64c175cca9882c28a290cc94f79.jar C:\Users\Bloom\AndroidStudioProjects\Wanderlust\app\build\intermediates\exploded-aar\com.github.paolorotolo\appintro\3.1.0\jars\classes.jar
java_class_path (initial): F:\Work\SDK\build-tools\23.0.2\lib\dx.jar
Launcher Type: SUN_STANDARD

Environment Variables:
JAVA_HOME=C:\Program Files\Java\jdk1.8.0_11
PATH=C:\Windows\System32\ipconfig.exe;F:\Work\AndroidBundle\adt-bundle-windows-x86_64-20140702\sdk\platform-tools;C:\Program Files\nodejs\;F:\Work\AndroidBundle\adt-bundle-windows-x86_64-20140702\sdk\tools;C:\Windows\System32;F:\Work\AndroidBundle\adt-bundle-windows-x86_64-20140702\sdk;C:\Windows\;C:\Windows\System32\Wbem;C:\Windows\System32\WindowsPowerShell\v1.0\;C:\Program Files (x86)\Windows Live\Shared;C:\Program Files (x86)\Skype\Phone\;C:\Users\Bloom\AppData\Roaming\npm;C:\Program Files (x86)\WinAnt\bin
USERNAME=Bloom
OS=Windows_NT
PROCESSOR_IDENTIFIER=Intel64 Family 6 Model 58 Stepping 9, GenuineIntel



---------------  S Y S T E M  ---------------

OS: Windows 8.1 , 64 bit Build 9600 

CPU:total 8 (4 cores per cpu, 2 threads per core) family 6 model 58 stepping 9, cmov, cx8, fxsr, mmx, sse, sse2, sse3, ssse3, sse4.1, sse4.2, popcnt, avx, aes, clmul, erms, ht, tsc, tscinvbit

Memory: 4k page, physical 6125928k(848484k free), swap 14824076k(5216k free)

vm_info: Java HotSpot(TM) 64-Bit Server VM (25.11-b03) for windows-amd64 JRE (1.8.0_11-b12), built on Jun 16 2014 20:57:32 by "java_re" with MS VC++ 10.0 (VS2010)

time: Sat Jan 09 11:09:12 2016
elapsed time: 1 seconds

