#
# There is insufficient memory for the Java Runtime Environment to continue.
# Native memory allocation (malloc) failed to allocate 1614336 bytes for Chunk::new
# Possible reasons:
#   The system is out of physical RAM or swap space
#   In 32 bit mode, the process size limit was hit
# Possible solutions:
#   Reduce memory load on the system
#   Increase physical memory or swap space
#   Check if swap backing store is full
#   Use 64 bit Java on a 64 bit OS
#   Decrease Java heap size (-Xmx/-Xms)
#   Decrease number of Java threads
#   Decrease Java thread stack sizes (-Xss)
#   Set larger code cache with -XX:ReservedCodeCacheSize=
# This output file may be truncated or incomplete.
#
#  Out of Memory Error (allocation.cpp:388), pid=10504, tid=10744
#
# JRE version: Java(TM) SE Runtime Environment (8.0_11-b12) (build 1.8.0_11-b12)
# Java VM: Java HotSpot(TM) 64-Bit Server VM (25.11-b03 mixed mode windows-amd64 compressed oops)
# Failed to write core dump. Minidumps are not enabled by default on client versions of Windows
#

---------------  T H R E A D  ---------------

Current thread (0x000000001760c000):  JavaThread "C2 CompilerThread1" daemon [_thread_in_native, id=10744, stack(0x0000000017ce0000,0x0000000017de0000)]

Stack: [0x0000000017ce0000,0x0000000017de0000]
Native frames: (J=compiled Java code, j=interpreted, Vv=VM code, C=native code)
V  [jvm.dll+0x308eca]


Current CompileTask:
C2:  18646 1778   !   4       com.android.dx.cf.code.BytecodeArray::parseInstruction (2764 bytes)


---------------  P R O C E S S  ---------------

Java Threads: ( => current thread )
  0x0000000018282800 JavaThread "pool-1-thread-4" [_thread_blocked, id=2384, stack(0x0000000018de0000,0x0000000018ee0000)]
  0x0000000018281800 JavaThread "pool-1-thread-3" [_thread_blocked, id=12048, stack(0x0000000018ce0000,0x0000000018de0000)]
  0x00000000178b8800 JavaThread "pool-1-thread-2" [_thread_blocked, id=9464, stack(0x0000000018be0000,0x0000000018ce0000)]
  0x00000000178b7800 JavaThread "pool-2-thread-1" [_thread_blocked, id=10672, stack(0x0000000018ae0000,0x0000000018be0000)]
  0x00000000178f3000 JavaThread "pool-1-thread-1" [_thread_in_Java, id=1784, stack(0x00000000189e0000,0x0000000018ae0000)]
  0x0000000017699000 JavaThread "Service Thread" daemon [_thread_blocked, id=6864, stack(0x0000000017fe0000,0x00000000180e0000)]
  0x000000001762d000 JavaThread "C1 CompilerThread3" daemon [_thread_in_native, id=11928, stack(0x0000000017ee0000,0x0000000017fe0000)]
  0x0000000017612800 JavaThread "C2 CompilerThread2" daemon [_thread_in_native, id=2812, stack(0x0000000017de0000,0x0000000017ee0000)]
=>0x000000001760c000 JavaThread "C2 CompilerThread1" daemon [_thread_in_native, id=10744, stack(0x0000000017ce0000,0x0000000017de0000)]
  0x0000000017605800 JavaThread "C2 CompilerThread0" daemon [_thread_in_native, id=9656, stack(0x0000000017be0000,0x0000000017ce0000)]
  0x0000000017604000 JavaThread "Attach Listener" daemon [_thread_blocked, id=7332, stack(0x0000000017ae0000,0x0000000017be0000)]
  0x0000000017603800 JavaThread "Signal Dispatcher" daemon [_thread_blocked, id=5176, stack(0x00000000179e0000,0x0000000017ae0000)]
  0x0000000002ac1800 JavaThread "Finalizer" daemon [_thread_blocked, id=7748, stack(0x00000000174e0000,0x00000000175e0000)]
  0x00000000155ec000 JavaThread "Reference Handler" daemon [_thread_blocked, id=8060, stack(0x00000000173e0000,0x00000000174e0000)]
  0x00000000029d1000 JavaThread "main" [_thread_blocked, id=7088, stack(0x00000000028d0000,0x00000000029d0000)]

Other Threads:
  0x00000000155e8000 VMThread [stack: 0x00000000172e0000,0x00000000173e0000] [id=12128]
  0x00000000176a9800 WatcherThread [stack: 0x00000000180e0000,0x00000000181e0000] [id=11880]

VM state:not at safepoint (normal execution)

VM Mutex/Monitor currently owned by a thread:  ([mutex/lock_event])
[0x00000000028cbfd0] CompiledIC_lock - owner thread: 0x000000001762d000

Heap:
 PSYoungGen      total 36352K, used 17639K [0x00000000eab00000, 0x00000000ed400000, 0x0000000100000000)
  eden space 32256K, 44% used [0x00000000eab00000,0x00000000eb8e1f20,0x00000000eca80000)
  from space 4096K, 83% used [0x00000000ecf00000,0x00000000ed258000,0x00000000ed300000)
  to   space 4608K, 0% used [0x00000000eca80000,0x00000000eca80000,0x00000000ecf00000)
 ParOldGen       total 94720K, used 12371K [0x00000000c0000000, 0x00000000c5c80000, 0x00000000eab00000)
  object space 94720K, 13% used [0x00000000c0000000,0x00000000c0c14eb8,0x00000000c5c80000)
 Metaspace       used 6050K, capacity 7000K, committed 7168K, reserved 1056768K
  class space    used 614K, capacity 656K, committed 768K, reserved 1048576K

Card table byte_map: [0x0000000011e90000,0x00000000120a0000] byte_map_base: 0x0000000011890000

Marking Bits: (ParMarkBitMap*) 0x000000005a9b12b0
 Begin Bits: [0x0000000012a00000, 0x0000000013a00000)
 End Bits:   [0x0000000013a00000, 0x0000000014a00000)

Polling page: 0x0000000001060000

CodeCache: size=245760Kb used=7628Kb max_used=7643Kb free=238131Kb
 bounds [0x0000000002ad0000, 0x0000000003250000, 0x0000000011ad0000]
 total_blobs=2003 nmethods=1738 adapters=178
 compilation: disabled (not enough contiguous free space left)

Compilation events (10 events):
Event: 18.264 Thread 0x000000001762d000 1806       3       com.android.dx.dex.code.RopTranslator$LocalVariableAwareTranslationVisitor::<init> (17 bytes)
Event: 18.264 Thread 0x000000001762d000 nmethod 1806 0x000000000322a890 code [0x000000000322aa00, 0x000000000322ac50]
Event: 18.264 Thread 0x000000001762d000 1810       3       com.android.dx.dex.code.BlockAddresses::<init> (44 bytes)
Event: 18.265 Thread 0x000000001762d000 nmethod 1810 0x000000000322ad50 code [0x000000000322aee0, 0x000000000322b3f8]
Event: 18.265 Thread 0x000000001762d000 1811       3       com.android.dx.dex.code.RopTranslator$TranslationVisitor::<init> (15 bytes)
Event: 18.265 Thread 0x000000001762d000 nmethod 1811 0x000000000322b5d0 code [0x000000000322b720, 0x000000000322b8f0]
Event: 18.337 Thread 0x0000000017612800 nmethod 1713 0x0000000003231190 code [0x00000000032319a0, 0x00000000032362a0]
Event: 18.341 Thread 0x0000000017612800 1815       4       java.util.TreeMap::put (247 bytes)
Event: 18.406 Thread 0x0000000017612800 nmethod 1815 0x000000000322c950 code [0x000000000322cae0, 0x000000000322d428]
Event: 18.406 Thread 0x0000000017612800 1730       4       sun.nio.cs.UTF_8$Encoder::encode (359 bytes)

GC Heap History (10 events):
Event: 5.650 GC heap before
{Heap before GC invocations=10 (full 0):
 PSYoungGen      total 10240K, used 10208K [0x00000000eab00000, 0x00000000ebd00000, 0x0000000100000000)
  eden space 8192K, 100% used [0x00000000eab00000,0x00000000eb300000,0x00000000eb300000)
  from space 2048K, 98% used [0x00000000eb300000,0x00000000eb4f8018,0x00000000eb500000)
  to   space 2560K, 0% used [0x00000000eba80000,0x00000000eba80000,0x00000000ebd00000)
 ParOldGen       total 94720K, used 2265K [0x00000000c0000000, 0x00000000c5c80000, 0x00000000eab00000)
  object space 94720K, 2% used [0x00000000c0000000,0x00000000c0236780,0x00000000c5c80000)
 Metaspace       used 5746K, capacity 6768K, committed 7040K, reserved 1056768K
  class space    used 592K, capacity 616K, committed 640K, reserved 1048576K
Event: 6.070 GC heap after
Heap after GC invocations=10 (full 0):
 PSYoungGen      total 15360K, used 2538K [0x00000000eab00000, 0x00000000ebe00000, 0x0000000100000000)
  eden space 12800K, 0% used [0x00000000eab00000,0x00000000eab00000,0x00000000eb780000)
  from space 2560K, 99% used [0x00000000eba80000,0x00000000ebcfa860,0x00000000ebd00000)
  to   space 3072K, 0% used [0x00000000eb780000,0x00000000eb780000,0x00000000eba80000)
 ParOldGen       total 94720K, used 3186K [0x00000000c0000000, 0x00000000c5c80000, 0x00000000eab00000)
  object space 94720K, 3% used [0x00000000c0000000,0x00000000c031cbc0,0x00000000c5c80000)
 Metaspace       used 5746K, capacity 6768K, committed 7040K, reserved 1056768K
  class space    used 592K, capacity 616K, committed 640K, reserved 1048576K
}
Event: 6.521 GC heap before
{Heap before GC invocations=11 (full 0):
 PSYoungGen      total 15360K, used 15338K [0x00000000eab00000, 0x00000000ebe00000, 0x0000000100000000)
  eden space 12800K, 100% used [0x00000000eab00000,0x00000000eb780000,0x00000000eb780000)
  from space 2560K, 99% used [0x00000000eba80000,0x00000000ebcfa860,0x00000000ebd00000)
  to   space 3072K, 0% used [0x00000000eb780000,0x00000000eb780000,0x00000000eba80000)
 ParOldGen       total 94720K, used 3186K [0x00000000c0000000, 0x00000000c5c80000, 0x00000000eab00000)
  object space 94720K, 3% used [0x00000000c0000000,0x00000000c031cbc0,0x00000000c5c80000)
 Metaspace       used 5813K, capacity 6832K, committed 7040K, reserved 1056768K
  class space    used 592K, capacity 616K, committed 640K, reserved 1048576K
Event: 8.440 GC heap after
Heap after GC invocations=11 (full 0):
 PSYoungGen      total 15872K, used 2336K [0x00000000eab00000, 0x00000000ec600000, 0x0000000100000000)
  eden space 12800K, 0% used [0x00000000eab00000,0x00000000eab00000,0x00000000eb780000)
  from space 3072K, 76% used [0x00000000eb780000,0x00000000eb9c8000,0x00000000eba80000)
  to   space 3584K, 0% used [0x00000000ec280000,0x00000000ec280000,0x00000000ec600000)
 ParOldGen       total 94720K, used 5433K [0x00000000c0000000, 0x00000000c5c80000, 0x00000000eab00000)
  object space 94720K, 5% used [0x00000000c0000000,0x00000000c054e7d0,0x00000000c5c80000)
 Metaspace       used 5813K, capacity 6832K, committed 7040K, reserved 1056768K
  class space    used 592K, capacity 616K, committed 640K, reserved 1048576K
}
Event: 10.523 GC heap before
{Heap before GC invocations=12 (full 0):
 PSYoungGen      total 15872K, used 15136K [0x00000000eab00000, 0x00000000ec600000, 0x0000000100000000)
  eden space 12800K, 100% used [0x00000000eab00000,0x00000000eb780000,0x00000000eb780000)
  from space 3072K, 76% used [0x00000000eb780000,0x00000000eb9c8000,0x00000000eba80000)
  to   space 3584K, 0% used [0x00000000ec280000,0x00000000ec280000,0x00000000ec600000)
 ParOldGen       total 94720K, used 5433K [0x00000000c0000000, 0x00000000c5c80000, 0x00000000eab00000)
  object space 94720K, 5% used [0x00000000c0000000,0x00000000c054e7d0,0x00000000c5c80000)
 Metaspace       used 5890K, capacity 6896K, committed 7040K, reserved 1056768K
  class space    used 593K, capacity 616K, committed 640K, reserved 1048576K
Event: 10.709 GC heap after
Heap after GC invocations=12 (full 0):
 PSYoungGen      total 24064K, used 2212K [0x00000000eab00000, 0x00000000ec600000, 0x0000000100000000)
  eden space 20480K, 0% used [0x00000000eab00000,0x00000000eab00000,0x00000000ebf00000)
  from space 3584K, 61% used [0x00000000ec280000,0x00000000ec4a92a0,0x00000000ec600000)
  to   space 3584K, 0% used [0x00000000ebf00000,0x00000000ebf00000,0x00000000ec280000)
 ParOldGen       total 94720K, used 7467K [0x00000000c0000000, 0x00000000c5c80000, 0x00000000eab00000)
  object space 94720K, 7% used [0x00000000c0000000,0x00000000c074ae98,0x00000000c5c80000)
 Metaspace       used 5890K, capacity 6896K, committed 7040K, reserved 1056768K
  class space    used 593K, capacity 616K, committed 640K, reserved 1048576K
}
Event: 13.512 GC heap before
{Heap before GC invocations=13 (full 0):
 PSYoungGen      total 24064K, used 22692K [0x00000000eab00000, 0x00000000ec600000, 0x0000000100000000)
  eden space 20480K, 100% used [0x00000000eab00000,0x00000000ebf00000,0x00000000ebf00000)
  from space 3584K, 61% used [0x00000000ec280000,0x00000000ec4a92a0,0x00000000ec600000)
  to   space 3584K, 0% used [0x00000000ebf00000,0x00000000ebf00000,0x00000000ec280000)
 ParOldGen       total 94720K, used 7467K [0x00000000c0000000, 0x00000000c5c80000, 0x00000000eab00000)
  object space 94720K, 7% used [0x00000000c0000000,0x00000000c074ae98,0x00000000c5c80000)
 Metaspace       used 5918K, capacity 6960K, committed 7040K, reserved 1056768K
  class space    used 593K, capacity 616K, committed 640K, reserved 1048576K
Event: 15.418 GC heap after
Heap after GC invocations=13 (full 0):
 PSYoungGen      total 24064K, used 3421K [0x00000000eab00000, 0x00000000ed300000, 0x0000000100000000)
  eden space 20480K, 0% used [0x00000000eab00000,0x00000000eab00000,0x00000000ebf00000)
  from space 3584K, 95% used [0x00000000ebf00000,0x00000000ec257660,0x00000000ec280000)
  to   space 4096K, 0% used [0x00000000ecf00000,0x00000000ecf00000,0x00000000ed300000)
 ParOldGen       total 94720K, used 9384K [0x00000000c0000000, 0x00000000c5c80000, 0x00000000eab00000)
  object space 94720K, 9% used [0x00000000c0000000,0x00000000c092a348,0x00000000c5c80000)
 Metaspace       used 5918K, capacity 6960K, committed 7040K, reserved 1056768K
  class space    used 593K, capacity 616K, committed 640K, reserved 1048576K
}
Event: 17.548 GC heap before
{Heap before GC invocations=14 (full 0):
 PSYoungGen      total 24064K, used 23901K [0x00000000eab00000, 0x00000000ed300000, 0x0000000100000000)
  eden space 20480K, 100% used [0x00000000eab00000,0x00000000ebf00000,0x00000000ebf00000)
  from space 3584K, 95% used [0x00000000ebf00000,0x00000000ec257660,0x00000000ec280000)
  to   space 4096K, 0% used [0x00000000ecf00000,0x00000000ecf00000,0x00000000ed300000)
 ParOldGen       total 94720K, used 9384K [0x00000000c0000000, 0x00000000c5c80000, 0x00000000eab00000)
  object space 94720K, 9% used [0x00000000c0000000,0x00000000c092a348,0x00000000c5c80000)
 Metaspace       used 5944K, capacity 6960K, committed 7040K, reserved 1056768K
  class space    used 593K, capacity 616K, committed 640K, reserved 1048576K
Event: 17.776 GC heap after
Heap after GC invocations=14 (full 0):
 PSYoungGen      total 36352K, used 3424K [0x00000000eab00000, 0x00000000ed400000, 0x0000000100000000)
  eden space 32256K, 0% used [0x00000000eab00000,0x00000000eab00000,0x00000000eca80000)
  from space 4096K, 83% used [0x00000000ecf00000,0x00000000ed258000,0x00000000ed300000)
  to   space 4608K, 0% used [0x00000000eca80000,0x00000000eca80000,0x00000000ecf00000)
 ParOldGen       total 94720K, used 12371K [0x00000000c0000000, 0x00000000c5c80000, 0x00000000eab00000)
  object space 94720K, 13% used [0x00000000c0000000,0x00000000c0c14eb8,0x00000000c5c80000)
 Metaspace       used 5944K, capacity 6960K, committed 7040K, reserved 1056768K
  class space    used 593K, capacity 616K, committed 640K, reserved 1048576K
}

Deoptimization events (10 events):
Event: 17.308 Thread 0x00000000178f3000 Uncommon trap: reason=unreached action=reinterpret pc=0x000000000308c458 method=com.android.dx.ssa.SsaRenamer$BlockRenamer.process()V @ 90
Event: 17.426 Thread 0x00000000178f3000 Uncommon trap: reason=bimorphic action=maybe_recompile pc=0x0000000003177830 method=com.android.dx.cf.code.BytecodeArray.parseInstruction(ILcom/android/dx/cf/code/BytecodeArray$Visitor;)I @ 939
Event: 17.427 Thread 0x00000000178f3000 Uncommon trap: reason=bimorphic action=maybe_recompile pc=0x0000000003177830 method=com.android.dx.cf.code.BytecodeArray.parseInstruction(ILcom/android/dx/cf/code/BytecodeArray$Visitor;)I @ 939
Event: 17.430 Thread 0x00000000178f3000 Uncommon trap: reason=class_check action=maybe_recompile pc=0x00000000031d758c method=com.android.dx.cf.code.Ropper.processBlock(Lcom/android/dx/cf/code/ByteBlock;Lcom/android/dx/cf/code/Frame;[I)V @ 777
Event: 17.438 Thread 0x00000000178f3000 Uncommon trap: reason=bimorphic action=maybe_recompile pc=0x0000000003177830 method=com.android.dx.cf.code.BytecodeArray.parseInstruction(ILcom/android/dx/cf/code/BytecodeArray$Visitor;)I @ 939
Event: 17.439 Thread 0x00000000178f3000 Uncommon trap: reason=bimorphic action=maybe_recompile pc=0x0000000003177830 method=com.android.dx.cf.code.BytecodeArray.parseInstruction(ILcom/android/dx/cf/code/BytecodeArray$Visitor;)I @ 939
Event: 17.439 Thread 0x00000000178f3000 Uncommon trap: reason=class_check action=maybe_recompile pc=0x00000000031d758c method=com.android.dx.cf.code.Ropper.processBlock(Lcom/android/dx/cf/code/ByteBlock;Lcom/android/dx/cf/code/Frame;[I)V @ 777
Event: 17.851 Thread 0x00000000178f3000 Uncommon trap: reason=unloaded action=reinterpret pc=0x0000000003032ba4 method=com.android.dx.ssa.LiteralOpUpgrader$1.visitNonMoveInsn(Lcom/android/dx/ssa/NormalSsaInsn;)V @ 72
Event: 17.854 Thread 0x00000000178f3000 Uncommon trap: reason=unreached action=reinterpret pc=0x0000000002ec1b5c method=com.android.dx.ssa.SsaMethod.updateOneDefinition(Lcom/android/dx/ssa/SsaInsn;Lcom/android/dx/rop/code/RegisterSpec;)V @ 4
Event: 17.945 Thread 0x0000000018281800 Uncommon trap: reason=class_check action=maybe_recompile pc=0x00000000031d758c method=com.android.dx.cf.code.Ropper.processBlock(Lcom/android/dx/cf/code/ByteBlock;Lcom/android/dx/cf/code/Frame;[I)V @ 777

Internal exceptions (10 events):
Event: 3.012 Thread 0x00000000178b8800 Exception <a 'java/security/PrivilegedActionException'> (0x00000000eae58660) thrown at [C:\re\workspace\8-2-build-windows-amd64-cygwin\jdk8u11\648\hotspot\src\share\vm\prims\jvm.cpp, line 1248]
Event: 3.081 Thread 0x00000000178b8800 Exception <a 'java/security/PrivilegedActionException'> (0x00000000eaee7408) thrown at [C:\re\workspace\8-2-build-windows-amd64-cygwin\jdk8u11\648\hotspot\src\share\vm\prims\jvm.cpp, line 1248]
Event: 3.432 Thread 0x0000000018281800 Exception <a 'java/security/PrivilegedActionException'> (0x00000000eac7f438) thrown at [C:\re\workspace\8-2-build-windows-amd64-cygwin\jdk8u11\648\hotspot\src\share\vm\prims\jvm.cpp, line 1248]
Event: 3.856 Thread 0x00000000178f3000 Exception <a 'java/security/PrivilegedActionException'> (0x00000000eb1aa970) thrown at [C:\re\workspace\8-2-build-windows-amd64-cygwin\jdk8u11\648\hotspot\src\share\vm\prims\jvm.cpp, line 1248]
Event: 3.861 Thread 0x00000000178b8800 Exception <a 'java/security/PrivilegedActionException'> (0x00000000eb1c0e60) thrown at [C:\re\workspace\8-2-build-windows-amd64-cygwin\jdk8u11\648\hotspot\src\share\vm\prims\jvm.cpp, line 1248]
Event: 9.183 Thread 0x00000000029d1000 Exception <a 'java/security/PrivilegedActionException'> (0x00000000eb059848) thrown at [C:\re\workspace\8-2-build-windows-amd64-cygwin\jdk8u11\648\hotspot\src\share\vm\prims\jvm.cpp, line 1248]
Event: 11.698 Thread 0x00000000178f3000 Exception <a 'java/security/PrivilegedActionException'> (0x00000000eae45fa8) thrown at [C:\re\workspace\8-2-build-windows-amd64-cygwin\jdk8u11\648\hotspot\src\share\vm\prims\jvm.cpp, line 1248]
Event: 17.852 Thread 0x00000000178f3000 Exception <a 'java/security/PrivilegedActionException'> (0x00000000eacb4b88) thrown at [C:\re\workspace\8-2-build-windows-amd64-cygwin\jdk8u11\648\hotspot\src\share\vm\prims\jvm.cpp, line 1248]
Event: 18.122 Thread 0x0000000018281800 Exception <a 'java/lang/ArrayIndexOutOfBoundsException': 18> (0x00000000eb5ab910) thrown at [C:\re\workspace\8-2-build-windows-amd64-cygwin\jdk8u11\648\hotspot\src\share\vm\interpreter\interpreterRuntime.cpp, line 337]
Event: 18.227 Thread 0x0000000018281800 Exception <a 'java/lang/ArrayIndexOutOfBoundsException': 145> (0x00000000eb5ad3a8) thrown at [C:\re\workspace\8-2-build-windows-amd64-cygwin\jdk8u11\648\hotspot\src\share\vm\interpreter\interpreterRuntime.cpp, line 337]

Events (10 events):
Event: 18.120 loading class sun/reflect/generics/tree/FieldTypeSignature done
Event: 18.120 loading class sun/reflect/generics/tree/SimpleClassTypeSignature done
Event: 18.120 loading class sun/reflect/generics/tree/ClassTypeSignature
Event: 18.121 loading class sun/reflect/generics/tree/ClassTypeSignature done
Event: 18.122 loading class sun/reflect/generics/tree/ClassSignature
Event: 18.122 loading class sun/reflect/generics/tree/Signature
Event: 18.227 loading class sun/reflect/generics/tree/Signature done
Event: 18.227 loading class sun/reflect/generics/tree/ClassSignature done
Event: 18.228 loading class sun/reflect/generics/visitor/Reifier
Event: 18.320 loading class sun/reflect/generics/visitor/TypeTreeVisitor


Dynamic libraries:
0x00007ff7a0b10000 - 0x00007ff7a0b44000 	C:\Program Files\Java\jdk1.8.0_11\bin\java.exe
0x00007ff945210000 - 0x00007ff9453d1000 	C:\WINDOWS\SYSTEM32\ntdll.dll
0x00007ff9428e0000 - 0x00007ff94298d000 	C:\WINDOWS\system32\KERNEL32.DLL
0x00007ff9426b0000 - 0x00007ff94288d000 	C:\WINDOWS\system32\KERNELBASE.dll
0x00007ff942d10000 - 0x00007ff942db6000 	C:\WINDOWS\system32\ADVAPI32.dll
0x00007ff942c70000 - 0x00007ff942d0d000 	C:\WINDOWS\system32\msvcrt.dll
0x00007ff9451b0000 - 0x00007ff94520b000 	C:\WINDOWS\system32\sechost.dll
0x00007ff944990000 - 0x00007ff944ab6000 	C:\WINDOWS\system32\RPCRT4.dll
0x00007ff945060000 - 0x00007ff9451ae000 	C:\WINDOWS\system32\USER32.dll
0x00007ff9429b0000 - 0x00007ff942b36000 	C:\WINDOWS\system32\GDI32.dll
0x00007ff93c910000 - 0x00007ff93cb84000 	C:\WINDOWS\WinSxS\amd64_microsoft.windows.common-controls_6595b64144ccf1df_6.0.10240.16384_none_f41f7b285750ef43\COMCTL32.dll
0x00007ff943120000 - 0x00007ff943156000 	C:\WINDOWS\system32\IMM32.DLL
0x00007ff9431d0000 - 0x00007ff94332c000 	C:\WINDOWS\system32\MSCTF.dll
0x00007ff941b30000 - 0x00007ff941b61000 	C:\Windows\system32\nvinitx.dll
0x00007ff941b20000 - 0x00007ff941b2a000 	C:\WINDOWS\SYSTEM32\VERSION.dll
0x0000000059d80000 - 0x0000000059e52000 	C:\Program Files\Java\jdk1.8.0_11\jre\bin\msvcr100.dll
0x000000005a200000 - 0x000000005aa2a000 	C:\Program Files\Java\jdk1.8.0_11\jre\bin\server\jvm.dll
0x00007ff9431c0000 - 0x00007ff9431c8000 	C:\WINDOWS\system32\PSAPI.DLL
0x00007ff938e80000 - 0x00007ff938e89000 	C:\WINDOWS\SYSTEM32\WSOCK32.dll
0x00007ff942b40000 - 0x00007ff942ba9000 	C:\WINDOWS\system32\WS2_32.dll
0x00007ff942990000 - 0x00007ff942998000 	C:\WINDOWS\system32\NSI.dll
0x00007ff93fe90000 - 0x00007ff93feb3000 	C:\WINDOWS\SYSTEM32\WINMM.dll
0x00007ff93fe60000 - 0x00007ff93fe8c000 	C:\WINDOWS\SYSTEM32\WINMMBASE.dll
0x00007ff942890000 - 0x00007ff9428d4000 	C:\WINDOWS\system32\cfgmgr32.dll
0x00007ff940560000 - 0x00007ff940587000 	C:\WINDOWS\SYSTEM32\DEVOBJ.dll
0x000000005a1f0000 - 0x000000005a1ff000 	C:\Program Files\Java\jdk1.8.0_11\jre\bin\verify.dll
0x000000005a1c0000 - 0x000000005a1e8000 	C:\Program Files\Java\jdk1.8.0_11\jre\bin\java.dll
0x000000005a1a0000 - 0x000000005a1b6000 	C:\Program Files\Java\jdk1.8.0_11\jre\bin\zip.dll
0x00007ff943330000 - 0x00007ff944852000 	C:\WINDOWS\system32\SHELL32.dll
0x00007ff941d90000 - 0x00007ff9423b8000 	C:\WINDOWS\system32\windows.storage.dll
0x00007ff944c10000 - 0x00007ff944e8c000 	C:\WINDOWS\system32\combase.dll
0x00007ff942fe0000 - 0x00007ff943031000 	C:\WINDOWS\system32\shlwapi.dll
0x00007ff941cd0000 - 0x00007ff941cdf000 	C:\WINDOWS\system32\kernel.appcore.dll
0x00007ff9425f0000 - 0x00007ff9426a3000 	C:\WINDOWS\system32\shcore.dll
0x00007ff941c40000 - 0x00007ff941c8a000 	C:\WINDOWS\system32\powrprof.dll
0x00007ff941c90000 - 0x00007ff941ca3000 	C:\WINDOWS\system32\profapi.dll
0x00007ff93e7e0000 - 0x00007ff93e96a000 	C:\WINDOWS\SYSTEM32\dbghelp.dll

VM Arguments:
jvm_args: -Djava.awt.headless=true -Xmx1024M -Dfile.encoding=windows-1252 -Duser.country=US -Duser.language=en -Duser.variant 
java_command: com.android.dx.command.Main --dex --num-threads=4 --output C:\Users\Bloom\AndroidStudioProjects\Wanderlust\app\build\intermediates\pre-dexed\debug\com.android.support-appcompat-v7-23.0.0_ff5c7a402a83e66fdd7348184c39c033beb5b5d7.jar C:\Users\Bloom\AndroidStudioProjects\Wanderlust\app\build\intermediates\exploded-aar\com.android.support\appcompat-v7\23.0.0\jars\classes.jar
java_class_path (initial): F:\Work\SDK\build-tools\23.0.2\lib\dx.jar
Launcher Type: SUN_STANDARD

Environment Variables:
JAVA_HOME=C:\Program Files\Java\jdk1.8.0_11
PATH=C:\Windows\System32\ipconfig.exe;F:\Work\AndroidBundle\adt-bundle-windows-x86_64-20140702\sdk\platform-tools;C:\Program Files\nodejs\;F:\Work\AndroidBundle\adt-bundle-windows-x86_64-20140702\sdk\tools;C:\Windows\System32;F:\Work\AndroidBundle\adt-bundle-windows-x86_64-20140702\sdk;C:\Windows\;C:\Windows\System32\Wbem;C:\Windows\System32\WindowsPowerShell\v1.0\;C:\Program Files (x86)\Windows Live\Shared;C:\Program Files (x86)\Skype\Phone\;C:\Users\Bloom\AppData\Roaming\npm;C:\Program Files (x86)\WinAnt\bin
USERNAME=Bloom
OS=Windows_NT
PROCESSOR_IDENTIFIER=Intel64 Family 6 Model 58 Stepping 9, GenuineIntel



---------------  S Y S T E M  ---------------

OS: Windows 8.1 , 64 bit Build 9600 

CPU:total 8 (4 cores per cpu, 2 threads per core) family 6 model 58 stepping 9, cmov, cx8, fxsr, mmx, sse, sse2, sse3, ssse3, sse4.1, sse4.2, popcnt, avx, aes, clmul, erms, ht, tsc, tscinvbit

Memory: 4k page, physical 6125928k(391032k free), swap 14706864k(780k free)

vm_info: Java HotSpot(TM) 64-Bit Server VM (25.11-b03) for windows-amd64 JRE (1.8.0_11-b12), built on Jun 16 2014 20:57:32 by "java_re" with MS VC++ 10.0 (VS2010)

time: Sat Jan 09 13:23:25 2016
elapsed time: 18 seconds

