#
# There is insufficient memory for the Java Runtime Environment to continue.
# Native memory allocation (malloc) failed to allocate 32744 bytes for ChunkPool::allocate
# Possible reasons:
#   The system is out of physical RAM or swap space
#   In 32 bit mode, the process size limit was hit
# Possible solutions:
#   Reduce memory load on the system
#   Increase physical memory or swap space
#   Check if swap backing store is full
#   Use 64 bit Java on a 64 bit OS
#   Decrease Java heap size (-Xmx/-Xms)
#   Decrease number of Java threads
#   Decrease Java thread stack sizes (-Xss)
#   Set larger code cache with -XX:ReservedCodeCacheSize=
# This output file may be truncated or incomplete.
#
#  Out of Memory Error (allocation.cpp:271), pid=4156, tid=7312
#
# JRE version: Java(TM) SE Runtime Environment (8.0_11-b12) (build 1.8.0_11-b12)
# Java VM: Java HotSpot(TM) 64-Bit Server VM (25.11-b03 mixed mode windows-amd64 compressed oops)
# Failed to write core dump. Minidumps are not enabled by default on client versions of Windows
#

---------------  T H R E A D  ---------------

Current thread (0x0000000017b8f800):  JavaThread "C1 CompilerThread3" daemon [_thread_in_native, id=7312, stack(0x0000000018460000,0x0000000018560000)]

Stack: [0x0000000018460000,0x0000000018560000]
Native frames: (J=compiled Java code, j=interpreted, Vv=VM code, C=native code)
V  [jvm.dll+0x308eca]
V  [jvm.dll+0x25e121]
V  [jvm.dll+0x25ed33]
V  [jvm.dll+0x256705]
V  [jvm.dll+0xbd011]
V  [jvm.dll+0xbd75c]
V  [jvm.dll+0x3febe1]
V  [jvm.dll+0x3ff864]
V  [jvm.dll+0x3de5b0]
V  [jvm.dll+0x3de980]
V  [jvm.dll+0x3deab2]
V  [jvm.dll+0x3dec78]
V  [jvm.dll+0x3dee7f]
V  [jvm.dll+0x96982]
V  [jvm.dll+0x97173]
V  [jvm.dll+0x2234b4]
V  [jvm.dll+0x27bcca]
C  [msvcr100.dll+0x21d9f]
C  [msvcr100.dll+0x21e3b]
C  [KERNEL32.DLL+0x12d92]
C  [ntdll.dll+0x9f64]


Current CompileTask:
C1:   3664    1       3       java.lang.String::hashCode (55 bytes)


---------------  P R O C E S S  ---------------

Java Threads: ( => current thread )
  0x0000000017dc8800 JavaThread "pool-1-thread-4" [_thread_blocked, id=4080, stack(0x000000001a230000,0x000000001a330000)]
  0x0000000017dc7800 JavaThread "pool-1-thread-3" [_thread_in_Java, id=7476, stack(0x000000001a130000,0x000000001a230000)]
  0x0000000017dc7000 JavaThread "pool-1-thread-2" [_thread_blocked, id=8196, stack(0x000000001a030000,0x000000001a130000)]
  0x0000000017c94800 JavaThread "pool-2-thread-1" [_thread_blocked, id=10216, stack(0x0000000019f30000,0x000000001a030000)]
  0x0000000017d6b800 JavaThread "pool-1-thread-1" [_thread_in_Java, id=8020, stack(0x0000000018e60000,0x0000000018f60000)]
  0x0000000018568800 JavaThread "Service Thread" daemon [_thread_blocked, id=344, stack(0x0000000018d60000,0x0000000018e60000)]
=>0x0000000017b8f800 JavaThread "C1 CompilerThread3" daemon [_thread_in_native, id=7312, stack(0x0000000018460000,0x0000000018560000)]
  0x0000000017b8a800 JavaThread "C2 CompilerThread2" daemon [_thread_blocked, id=708, stack(0x0000000018360000,0x0000000018460000)]
  0x0000000017b88800 JavaThread "C2 CompilerThread1" daemon [_thread_blocked, id=1424, stack(0x0000000018260000,0x0000000018360000)]
  0x0000000017b85800 JavaThread "C2 CompilerThread0" daemon [_thread_in_native, id=5712, stack(0x0000000018160000,0x0000000018260000)]
  0x0000000017b84000 JavaThread "Attach Listener" daemon [_thread_blocked, id=4036, stack(0x0000000018060000,0x0000000018160000)]
  0x0000000017b83800 JavaThread "Signal Dispatcher" daemon [_thread_blocked, id=5392, stack(0x0000000017f60000,0x0000000018060000)]
  0x0000000003051800 JavaThread "Finalizer" daemon [_thread_blocked, id=1568, stack(0x0000000017a60000,0x0000000017b60000)]
  0x0000000015b7c000 JavaThread "Reference Handler" daemon [_thread_blocked, id=8828, stack(0x0000000017960000,0x0000000017a60000)]
  0x0000000002f61000 JavaThread "main" [_thread_blocked, id=7868, stack(0x0000000002e60000,0x0000000002f60000)]

Other Threads:
  0x0000000015b78000 VMThread [stack: 0x0000000017860000,0x0000000017960000] [id=2952]

VM state:not at safepoint (normal execution)

VM Mutex/Monitor currently owned by a thread: None

Heap:
 PSYoungGen      total 12288K, used 3662K [0x00000000eab00000, 0x00000000eb900000, 0x0000000100000000)
  eden space 10240K, 25% used [0x00000000eab00000,0x00000000ead83be8,0x00000000eb500000)
  from space 2048K, 53% used [0x00000000eb700000,0x00000000eb810000,0x00000000eb900000)
  to   space 2048K, 0% used [0x00000000eb500000,0x00000000eb500000,0x00000000eb700000)
 ParOldGen       total 94720K, used 3625K [0x00000000c0000000, 0x00000000c5c80000, 0x00000000eab00000)
  object space 94720K, 3% used [0x00000000c0000000,0x00000000c038a528,0x00000000c5c80000)
 Metaspace       used 5555K, capacity 6704K, committed 6784K, reserved 1056768K
  class space    used 591K, capacity 616K, committed 640K, reserved 1048576K

Card table byte_map: [0x0000000012420000,0x0000000012630000] byte_map_base: 0x0000000011e20000

Marking Bits: (ParMarkBitMap*) 0x000000005a9b12b0
 Begin Bits: [0x0000000012f90000, 0x0000000013f90000)
 End Bits:   [0x0000000013f90000, 0x0000000014f90000)

Polling page: 0x0000000002c20000

CodeCache: size=245760Kb used=1602Kb max_used=1616Kb free=244157Kb
 bounds [0x0000000003060000, 0x00000000032d0000, 0x0000000012060000]
 total_blobs=489 nmethods=225 adapters=178
 compilation: enabled

Compilation events (1 events):
Event: 0.716 Thread 0x0000000017b8f800    1       3       java.lang.String::hashCode (55 bytes)

GC Heap History (0 events):
No events

Deoptimization events (0 events):
No events

Internal exceptions (3 events):
Event: 0.555 Thread 0x0000000002f61000 Exception <a 'java/lang/NoSuchMethodError': Method sun.misc.Unsafe.defineClass(Ljava/lang/String;[BII)Ljava/lang/Class; name or signature does not match> (0x00000000eab0eff8) thrown at [C:\re\workspace\8-2-build-windows-amd64-cygwin\jdk8u11\648\hotspot\src±‘fà¿·?
Event: 0.555 Thread 0x0000000002f61000 Exception <a 'java/lang/NoSuchMethodError': Method sun.misc.Unsafe.prefetchRead(Ljava/lang/Object;J)V name or signature does not match> (0x00000000eab0f288) thrown at [C:\re\workspace\8-2-build-windows-amd64-cygwin\jdk8u11\648\hotspot\src\share\vm\prims\jnG{iêf[Á?
Event: 0.730 Thread 0x0000000002f61000 Exception <a 'java/security/PrivilegedActionException'> (0x00000000eab607c8) thrown at [C:\re\workspace\8-2-build-windows-amd64-cygwin\jdk8u11\648\hotspot\src\share\vm\prims\jvm.cpp, line 1248]

Events (10 events):
Event: 0.738 loading class sun/util/calendar/CalendarSystem
Event: 0.738 loading class sun/util/calendar/CalendarSystem done
Event: 0.738 loading class sun/util/calendar/Gregorian
Event: 0.738 loading class sun/util/calendar/BaseCalendar
Event: 0.738 loading class sun/util/calendar/AbstractCalendar
Event: 0.738 loading class sun/util/calendar/AbstractCalendar done
Event: 0.738 loading class sun/util/calendar/BaseCalendar done
Event: 0.738 loading class sun/util/calendar/Gregorian done
Event: 0.738 loading class java/util/TimeZone
Event: 0.738 loading class java/util/TimeZone done


Dynamic libraries:
0x00007ff7a0b10000 - 0x00007ff7a0b44000 	C:\Program Files\Java\jdk1.8.0_11\bin\java.exe
0x00007ff945210000 - 0x00007ff9453d1000 	C:\WINDOWS\SYSTEM32\ntdll.dll
0x00007ff9428e0000 - 0x00007ff94298d000 	C:\WINDOWS\system32\KERNEL32.DLL
0x00007ff9426b0000 - 0x00007ff94288d000 	C:\WINDOWS\system32\KERNELBASE.dll
0x00007ff942d10000 - 0x00007ff942db6000 	C:\WINDOWS\system32\ADVAPI32.dll
0x00007ff942c70000 - 0x00007ff942d0d000 	C:\WINDOWS\system32\msvcrt.dll
0x00007ff9451b0000 - 0x00007ff94520b000 	C:\WINDOWS\system32\sechost.dll
0x00007ff944990000 - 0x00007ff944ab6000 	C:\WINDOWS\system32\RPCRT4.dll
0x00007ff945060000 - 0x00007ff9451ae000 	C:\WINDOWS\system32\USER32.dll
0x00007ff9429b0000 - 0x00007ff942b36000 	C:\WINDOWS\system32\GDI32.dll
0x00007ff93c910000 - 0x00007ff93cb84000 	C:\WINDOWS\WinSxS\amd64_microsoft.windows.common-controls_6595b64144ccf1df_6.0.10240.16384_none_f41f7b285750ef43\COMCTL32.dll
0x00007ff943120000 - 0x00007ff943156000 	C:\WINDOWS\system32\IMM32.DLL
0x00007ff9431d0000 - 0x00007ff94332c000 	C:\WINDOWS\system32\MSCTF.dll
0x00007ff941b30000 - 0x00007ff941b61000 	C:\Windows\system32\nvinitx.dll
0x00007ff941b20000 - 0x00007ff941b2a000 	C:\WINDOWS\SYSTEM32\VERSION.dll
0x0000000059d80000 - 0x0000000059e52000 	C:\Program Files\Java\jdk1.8.0_11\jre\bin\msvcr100.dll
0x000000005a200000 - 0x000000005aa2a000 	C:\Program Files\Java\jdk1.8.0_11\jre\bin\server\jvm.dll
0x00007ff9431c0000 - 0x00007ff9431c8000 	C:\WINDOWS\system32\PSAPI.DLL
0x00007ff938e80000 - 0x00007ff938e89000 	C:\WINDOWS\SYSTEM32\WSOCK32.dll
0x00007ff93fe90000 - 0x00007ff93feb3000 	C:\WINDOWS\SYSTEM32\WINMM.dll
0x00007ff942b40000 - 0x00007ff942ba9000 	C:\WINDOWS\system32\ws2_32.DLL
0x00007ff942990000 - 0x00007ff942998000 	C:\WINDOWS\system32\NSI.dll
0x0000000002c90000 - 0x0000000002cbc000 	C:\WINDOWS\SYSTEM32\WINMMBASE.dll
0x00007ff942890000 - 0x00007ff9428d4000 	C:\WINDOWS\system32\cfgmgr32.dll
0x00007ff940560000 - 0x00007ff940587000 	C:\WINDOWS\SYSTEM32\DEVOBJ.dll
0x000000005a1f0000 - 0x000000005a1ff000 	C:\Program Files\Java\jdk1.8.0_11\jre\bin\verify.dll
0x000000005a1c0000 - 0x000000005a1e8000 	C:\Program Files\Java\jdk1.8.0_11\jre\bin\java.dll
0x000000005a1a0000 - 0x000000005a1b6000 	C:\Program Files\Java\jdk1.8.0_11\jre\bin\zip.dll
0x00007ff943330000 - 0x00007ff944852000 	C:\WINDOWS\system32\SHELL32.dll
0x00007ff941d90000 - 0x00007ff9423b8000 	C:\WINDOWS\system32\windows.storage.dll
0x00007ff944c10000 - 0x00007ff944e8c000 	C:\WINDOWS\system32\combase.dll
0x00007ff942fe0000 - 0x00007ff943031000 	C:\WINDOWS\system32\shlwapi.dll
0x00007ff941cd0000 - 0x00007ff941cdf000 	C:\WINDOWS\system32\kernel.appcore.dll
0x00007ff9425f0000 - 0x00007ff9426a3000 	C:\WINDOWS\system32\shcore.dll
0x00007ff941c40000 - 0x00007ff941c8a000 	C:\WINDOWS\system32\powrprof.dll
0x00007ff941c90000 - 0x00007ff941ca3000 	C:\WINDOWS\system32\profapi.dll
0x00007ff93e7e0000 - 0x00007ff93e96a000 	C:\WINDOWS\SYSTEM32\dbghelp.dll

VM Arguments:
jvm_args: -Djava.awt.headless=true -Xmx1024M -Dfile.encoding=windows-1252 -Duser.country=US -Duser.language=en -Duser.variant 
java_command: com.android.dx.command.Main --dex --num-threads=4 --output C:\Users\Bloom\AndroidStudioProjects\Wanderlust\app\build\intermediates\pre-dexed\debug\com.android.support-design-23.1.1_afd75d0f1228bf78517f84976c9fbf0121ff7a50.jar C:\Users\Bloom\AndroidStudioProjects\Wanderlust\app\build\intermediates\exploded-aar\com.android.support\design\23.1.1\jars\classes.jar
java_class_path (initial): F:\Work\SDK\build-tools\23.0.2\lib\dx.jar
Launcher Type: SUN_STANDARD

Environment Variables:
JAVA_HOME=C:\Program Files\Java\jdk1.8.0_11
PATH=C:\Windows\System32\ipconfig.exe;F:\Work\AndroidBundle\adt-bundle-windows-x86_64-20140702\sdk\platform-tools;C:\Program Files\nodejs\;F:\Work\AndroidBundle\adt-bundle-windows-x86_64-20140702\sdk\tools;C:\Windows\System32;F:\Work\AndroidBundle\adt-bundle-windows-x86_64-20140702\sdk;C:\Windows\;C:\Windows\System32\Wbem;C:\Windows\System32\WindowsPowerShell\v1.0\;C:\Program Files (x86)\Windows Live\Shared;C:\Program Files (x86)\Skype\Phone\;C:\Users\Bloom\AppData\Roaming\npm;C:\Program Files (x86)\WinAnt\bin
USERNAME=Bloom
OS=Windows_NT
PROCESSOR_IDENTIFIER=Intel64 Family 6 Model 58 Stepping 9, GenuineIntel



---------------  S Y S T E M  ---------------

OS: Windows 8.1 , 64 bit Build 9600 

CPU:total 8 (4 cores per cpu, 2 threads per core) family 6 model 58 stepping 9, cmov, cx8, fxsr, mmx, sse, sse2, sse3, ssse3, sse4.1, sse4.2, popcnt, avx, aes, clmul, erms, ht, tsc, tscinvbit

Memory: 4k page, physical 6125928k(1367052k free), swap 14804800k(208096k free)

vm_info: Java HotSpot(TM) 64-Bit Server VM (25.11-b03) for windows-amd64 JRE (1.8.0_11-b12), built on Jun 16 2014 20:57:32 by "java_re" with MS VC++ 10.0 (VS2010)

time: Sat Jan 09 09:40:05 2016
elapsed time: 3 seconds

