#
# There is insufficient memory for the Java Runtime Environment to continue.
# Native memory allocation (malloc) failed to allocate 32744 bytes for ChunkPool::allocate
# Possible reasons:
#   The system is out of physical RAM or swap space
#   In 32 bit mode, the process size limit was hit
# Possible solutions:
#   Reduce memory load on the system
#   Increase physical memory or swap space
#   Check if swap backing store is full
#   Use 64 bit Java on a 64 bit OS
#   Decrease Java heap size (-Xmx/-Xms)
#   Decrease number of Java threads
#   Decrease Java thread stack sizes (-Xss)
#   Set larger code cache with -XX:ReservedCodeCacheSize=
# This output file may be truncated or incomplete.
#
#  Out of Memory Error (allocation.cpp:271), pid=7340, tid=2628
#
# JRE version: Java(TM) SE Runtime Environment (8.0_11-b12) (build 1.8.0_11-b12)
# Java VM: Java HotSpot(TM) 64-Bit Server VM (25.11-b03 mixed mode windows-amd64 compressed oops)
# Failed to write core dump. Minidumps are not enabled by default on client versions of Windows
#

---------------  T H R E A D  ---------------

Current thread (0x0000000017b25800):  JavaThread "C2 CompilerThread0" daemon [_thread_in_vm, id=2628, stack(0x0000000018100000,0x0000000018200000)]

Stack: [0x0000000018100000,0x0000000018200000]
Native frames: (J=compiled Java code, j=interpreted, Vv=VM code, C=native code)
V  [jvm.dll+0x308eca]
V  [jvm.dll+0x25e121]
V  [jvm.dll+0x25ed33]
V  [jvm.dll+0x256705]
V  [jvm.dll+0xbd011]
V  [jvm.dll+0xbd75c]
V  [jvm.dll+0x1cee3]
V  [jvm.dll+0x1e024]
V  [jvm.dll+0x1eaf3]
V  [jvm.dll+0x2de83e]
V  [jvm.dll+0x4e0742]
V  [jvm.dll+0x427511]
V  [jvm.dll+0x427547]
V  [jvm.dll+0x95690]
V  [jvm.dll+0x96f64]
V  [jvm.dll+0x2234b4]
V  [jvm.dll+0x27bcca]
C  [msvcr100.dll+0x21d9f]
C  [msvcr100.dll+0x21e3b]
C  [KERNEL32.DLL+0x12d92]
C  [ntdll.dll+0x9f64]


---------------  P R O C E S S  ---------------

Java Threads: ( => current thread )
  0x0000000018700800 JavaThread "Service Thread" daemon [_thread_blocked, id=7740, stack(0x00000000196d0000,0x00000000197d0000)]
  0x0000000017b30000 JavaThread "C1 CompilerThread3" daemon [_thread_blocked, id=8604, stack(0x0000000018400000,0x0000000018500000)]
  0x0000000017b2a800 JavaThread "C2 CompilerThread2" daemon [_thread_blocked, id=9732, stack(0x0000000018300000,0x0000000018400000)]
  0x0000000017b29000 JavaThread "C2 CompilerThread1" daemon [_thread_blocked, id=8712, stack(0x0000000018200000,0x0000000018300000)]
=>0x0000000017b25800 JavaThread "C2 CompilerThread0" daemon [_thread_in_vm, id=2628, stack(0x0000000018100000,0x0000000018200000)]
  0x0000000017b24800 JavaThread "Attach Listener" daemon [_thread_blocked, id=8800, stack(0x0000000018000000,0x0000000018100000)]
  0x0000000017b23800 JavaThread "Signal Dispatcher" daemon [_thread_blocked, id=3324, stack(0x0000000017f00000,0x0000000018000000)]
  0x0000000002fb1800 JavaThread "Finalizer" daemon [_thread_blocked, id=9784, stack(0x00000000179f0000,0x0000000017af0000)]
  0x0000000015afc000 JavaThread "Reference Handler" daemon [_thread_blocked, id=1692, stack(0x00000000178f0000,0x00000000179f0000)]
  0x0000000002ec1000 JavaThread "main" [_thread_blocked, id=9424, stack(0x0000000002dc0000,0x0000000002ec0000)]

Other Threads:
  0x0000000015af8000 VMThread [stack: 0x00000000177f0000,0x00000000178f0000] [id=8164]

VM state:synchronizing (normal execution)

VM Mutex/Monitor currently owned by a thread:  ([mutex/lock_event])
[0x0000000002d8c150] Threads_lock - owner thread: 0x0000000015af8000
[0x0000000002d8c2d0] Heap_lock - owner thread: 0x0000000002ec1000

Heap:
 PSYoungGen      total 1024K, used 512K [0x00000000eab00000, 0x00000000eac80000, 0x0000000100000000)
  eden space 512K, 100% used [0x00000000eab00000,0x00000000eab80000,0x00000000eab80000)
  from space 512K, 0% used [0x00000000eac00000,0x00000000eac00000,0x00000000eac80000)
  to   space 512K, 0% used [0x00000000eab80000,0x00000000eab80000,0x00000000eac00000)
 ParOldGen       total 94720K, used 0K [0x00000000c0000000, 0x00000000c5c80000, 0x00000000eab00000)
  object space 94720K, 0% used [0x00000000c0000000,0x00000000c0000000,0x00000000c5c80000)
 Metaspace       used 2522K, capacity 4480K, committed 4480K, reserved 1056768K
  class space    used 274K, capacity 384K, committed 384K, reserved 1048576K

Card table byte_map: [0x0000000012380000,0x0000000012590000] byte_map_base: 0x0000000011d80000

Marking Bits: (ParMarkBitMap*) 0x000000005a9b12b0
 Begin Bits: [0x0000000012ef0000, 0x0000000013ef0000)
 End Bits:   [0x0000000013ef0000, 0x0000000014ef0000)

Polling page: 0x0000000002d70000

CodeCache: size=245760Kb used=1121Kb max_used=1121Kb free=244638Kb
 bounds [0x0000000002fc0000, 0x0000000003230000, 0x0000000011fc0000]
 total_blobs=246 nmethods=29 adapters=146
 compilation: enabled

Compilation events (10 events):
Event: 0.727 Thread 0x0000000017b30000   15       3       java.util.Arrays::copyOfRange (63 bytes)
Event: 0.728 Thread 0x0000000017b30000 nmethod 15 0x00000000030cce90 code [0x00000000030cd0a0, 0x00000000030cdb58]
Event: 0.728 Thread 0x0000000017b30000   20       1       java.lang.Object::<init> (1 bytes)
Event: 0.728 Thread 0x0000000017b30000 nmethod 20 0x00000000030ce050 code [0x00000000030ce1a0, 0x00000000030ce2b0]
Event: 0.728 Thread 0x0000000017b30000   19       3       java.lang.String::getChars (62 bytes)
Event: 0.728 Thread 0x0000000017b30000 nmethod 19 0x00000000030ce310 code [0x00000000030ce4c0, 0x00000000030ce8f8]
Event: 0.728 Thread 0x0000000017b30000   17       3       java.lang.String::<init> (62 bytes)
Event: 0.729 Thread 0x0000000017b30000 nmethod 17 0x00000000030ceb10 code [0x00000000030cecc0, 0x00000000030cf0d8]
Event: 0.730 Thread 0x0000000017b30000   21       3       java.lang.String::equals (81 bytes)
Event: 0.730 Thread 0x0000000017b30000 nmethod 21 0x00000000030cf310 code [0x00000000030cf4a0, 0x00000000030cf9f0]

GC Heap History (0 events):
No events

Deoptimization events (0 events):
No events

Internal exceptions (3 events):
Event: 0.569 Thread 0x0000000002ec1000 Exception <a 'java/lang/NoSuchMethodError': Method sun.misc.Unsafe.defineClass(Ljava/lang/String;[BII)Ljava/lang/Class; name or signature does not match> (0x00000000eab0ed08) thrown at [C:\re\workspace\8-2-build-windows-amd64-cygwin\jdk8u11\648\hotspot\src^M…4‚?
Event: 0.569 Thread 0x0000000002ec1000 Exception <a 'java/lang/NoSuchMethodError': Method sun.misc.Unsafe.prefetchRead(Ljava/lang/Object;J)V name or signature does not match> (0x00000000eab0ef98) thrown at [C:\re\workspace\8-2-build-windows-amd64-cygwin\jdk8u11\648\hotspot\src\share\vm\prims\jnÅ8ÏIMÁ?
Event: 0.728 Thread 0x0000000002ec1000 Exception <a 'java/security/PrivilegedActionException'> (0x00000000eab62be8) thrown at [C:\re\workspace\8-2-build-windows-amd64-cygwin\jdk8u11\648\hotspot\src\share\vm\prims\jvm.cpp, line 1248]

Events (10 events):
Event: 0.736 loading class sun/util/calendar/CalendarSystem
Event: 0.736 loading class sun/util/calendar/CalendarSystem done
Event: 0.736 loading class sun/util/calendar/Gregorian
Event: 0.737 loading class sun/util/calendar/BaseCalendar
Event: 0.737 loading class sun/util/calendar/AbstractCalendar
Event: 0.737 loading class sun/util/calendar/AbstractCalendar done
Event: 0.737 loading class sun/util/calendar/BaseCalendar done
Event: 0.737 loading class sun/util/calendar/Gregorian done
Event: 0.737 loading class java/util/TimeZone
Event: 0.737 loading class java/util/TimeZone done


Dynamic libraries:
0x00007ff7a0b10000 - 0x00007ff7a0b44000 	C:\Program Files\Java\jdk1.8.0_11\bin\java.exe
0x00007ff945210000 - 0x00007ff9453d1000 	C:\WINDOWS\SYSTEM32\ntdll.dll
0x00007ff9428e0000 - 0x00007ff94298d000 	C:\WINDOWS\system32\KERNEL32.DLL
0x00007ff9426b0000 - 0x00007ff94288d000 	C:\WINDOWS\system32\KERNELBASE.dll
0x00007ff942d10000 - 0x00007ff942db6000 	C:\WINDOWS\system32\ADVAPI32.dll
0x00007ff942c70000 - 0x00007ff942d0d000 	C:\WINDOWS\system32\msvcrt.dll
0x00007ff9451b0000 - 0x00007ff94520b000 	C:\WINDOWS\system32\sechost.dll
0x00007ff944990000 - 0x00007ff944ab6000 	C:\WINDOWS\system32\RPCRT4.dll
0x00007ff945060000 - 0x00007ff9451ae000 	C:\WINDOWS\system32\USER32.dll
0x00007ff9429b0000 - 0x00007ff942b36000 	C:\WINDOWS\system32\GDI32.dll
0x00007ff93c910000 - 0x00007ff93cb84000 	C:\WINDOWS\WinSxS\amd64_microsoft.windows.common-controls_6595b64144ccf1df_6.0.10240.16384_none_f41f7b285750ef43\COMCTL32.dll
0x00007ff943120000 - 0x00007ff943156000 	C:\WINDOWS\system32\IMM32.DLL
0x00007ff9431d0000 - 0x00007ff94332c000 	C:\WINDOWS\system32\MSCTF.dll
0x00007ff941b30000 - 0x00007ff941b61000 	C:\Windows\system32\nvinitx.dll
0x00007ff941b20000 - 0x00007ff941b2a000 	C:\WINDOWS\SYSTEM32\VERSION.dll
0x0000000059d80000 - 0x0000000059e52000 	C:\Program Files\Java\jdk1.8.0_11\jre\bin\msvcr100.dll
0x000000005a200000 - 0x000000005aa2a000 	C:\Program Files\Java\jdk1.8.0_11\jre\bin\server\jvm.dll
0x00007ff9431c0000 - 0x00007ff9431c8000 	C:\WINDOWS\system32\PSAPI.DLL
0x00007ff938e80000 - 0x00007ff938e89000 	C:\WINDOWS\SYSTEM32\WSOCK32.dll
0x00007ff942b40000 - 0x00007ff942ba9000 	C:\WINDOWS\system32\WS2_32.dll
0x00007ff942990000 - 0x00007ff942998000 	C:\WINDOWS\system32\NSI.dll
0x00007ff93fe90000 - 0x00007ff93feb3000 	C:\WINDOWS\SYSTEM32\WINMM.dll
0x0000000002c00000 - 0x0000000002c2c000 	C:\WINDOWS\SYSTEM32\WINMMBASE.dll
0x00007ff942890000 - 0x00007ff9428d4000 	C:\WINDOWS\system32\cfgmgr32.dll
0x00007ff940560000 - 0x00007ff940587000 	C:\WINDOWS\SYSTEM32\DEVOBJ.dll
0x000000005a1f0000 - 0x000000005a1ff000 	C:\Program Files\Java\jdk1.8.0_11\jre\bin\verify.dll
0x000000005a1c0000 - 0x000000005a1e8000 	C:\Program Files\Java\jdk1.8.0_11\jre\bin\java.dll
0x000000005a1a0000 - 0x000000005a1b6000 	C:\Program Files\Java\jdk1.8.0_11\jre\bin\zip.dll
0x00007ff943330000 - 0x00007ff944852000 	C:\WINDOWS\system32\SHELL32.dll
0x00007ff941d90000 - 0x00007ff9423b8000 	C:\WINDOWS\system32\windows.storage.dll
0x00007ff944c10000 - 0x00007ff944e8c000 	C:\WINDOWS\system32\combase.dll
0x00007ff942fe0000 - 0x00007ff943031000 	C:\WINDOWS\system32\shlwapi.dll
0x00007ff941cd0000 - 0x00007ff941cdf000 	C:\WINDOWS\system32\kernel.appcore.dll
0x00007ff9425f0000 - 0x00007ff9426a3000 	C:\WINDOWS\system32\shcore.dll
0x00007ff941c40000 - 0x00007ff941c8a000 	C:\WINDOWS\system32\powrprof.dll
0x00007ff941c90000 - 0x00007ff941ca3000 	C:\WINDOWS\system32\profapi.dll
0x00007ff93e7e0000 - 0x00007ff93e96a000 	C:\WINDOWS\SYSTEM32\dbghelp.dll

VM Arguments:
jvm_args: -Djava.awt.headless=true -Xmx1024M -Dfile.encoding=windows-1252 -Duser.country=US -Duser.language=en -Duser.variant 
java_command: com.android.dx.command.Main --dex --num-threads=4 --output C:\Users\Bloom\AndroidStudioProjects\Wanderlust\app\build\intermediates\pre-dexed\debug\com.android.support-appcompat-v7-23.1.1_5026b4d12b07cce31f8d4787c483035150be3ec9.jar C:\Users\Bloom\AndroidStudioProjects\Wanderlust\app\build\intermediates\exploded-aar\com.android.support\appcompat-v7\23.1.1\jars\classes.jar
java_class_path (initial): F:\Work\SDK\build-tools\23.0.2\lib\dx.jar
Launcher Type: SUN_STANDARD

Environment Variables:
JAVA_HOME=C:\Program Files\Java\jdk1.8.0_11
PATH=C:\Windows\System32\ipconfig.exe;F:\Work\AndroidBundle\adt-bundle-windows-x86_64-20140702\sdk\platform-tools;C:\Program Files\nodejs\;F:\Work\AndroidBundle\adt-bundle-windows-x86_64-20140702\sdk\tools;C:\Windows\System32;F:\Work\AndroidBundle\adt-bundle-windows-x86_64-20140702\sdk;C:\Windows\;C:\Windows\System32\Wbem;C:\Windows\System32\WindowsPowerShell\v1.0\;C:\Program Files (x86)\Windows Live\Shared;C:\Program Files (x86)\Skype\Phone\;C:\Users\Bloom\AppData\Roaming\npm;C:\Program Files (x86)\WinAnt\bin
USERNAME=Bloom
OS=Windows_NT
PROCESSOR_IDENTIFIER=Intel64 Family 6 Model 58 Stepping 9, GenuineIntel



---------------  S Y S T E M  ---------------

OS: Windows 8.1 , 64 bit Build 9600 

CPU:total 8 (4 cores per cpu, 2 threads per core) family 6 model 58 stepping 9, cmov, cx8, fxsr, mmx, sse, sse2, sse3, ssse3, sse4.1, sse4.2, popcnt, avx, aes, clmul, erms, ht, tsc, tscinvbit

Memory: 4k page, physical 6125928k(1367024k free), swap 14804800k(208096k free)

vm_info: Java HotSpot(TM) 64-Bit Server VM (25.11-b03) for windows-amd64 JRE (1.8.0_11-b12), built on Jun 16 2014 20:57:32 by "java_re" with MS VC++ 10.0 (VS2010)

time: Sat Jan 09 09:40:05 2016
elapsed time: 3 seconds

