#
# There is insufficient memory for the Java Runtime Environment to continue.
# Native memory allocation (malloc) failed to allocate 691376 bytes for Chunk::new
# Possible reasons:
#   The system is out of physical RAM or swap space
#   In 32 bit mode, the process size limit was hit
# Possible solutions:
#   Reduce memory load on the system
#   Increase physical memory or swap space
#   Check if swap backing store is full
#   Use 64 bit Java on a 64 bit OS
#   Decrease Java heap size (-Xmx/-Xms)
#   Decrease number of Java threads
#   Decrease Java thread stack sizes (-Xss)
#   Set larger code cache with -XX:ReservedCodeCacheSize=
# This output file may be truncated or incomplete.
#
#  Out of Memory Error (allocation.cpp:388), pid=5072, tid=11100
#
# JRE version: Java(TM) SE Runtime Environment (8.0_11-b12) (build 1.8.0_11-b12)
# Java VM: Java HotSpot(TM) 64-Bit Server VM (25.11-b03 mixed mode windows-amd64 compressed oops)
# Failed to write core dump. Minidumps are not enabled by default on client versions of Windows
#

---------------  T H R E A D  ---------------

Current thread (0x0000000017347000):  JavaThread "C2 CompilerThread0" daemon [_thread_in_native, id=11100, stack(0x0000000017920000,0x0000000017a20000)]

Stack: [0x0000000017920000,0x0000000017a20000]
Native frames: (J=compiled Java code, j=interpreted, Vv=VM code, C=native code)
V  [jvm.dll+0x308eca]


Current CompileTask:
C2:  18646 1856       4       com.android.dx.ssa.SCCP::simulatePhi (169 bytes)


---------------  P R O C E S S  ---------------

Java Threads: ( => current thread )
  0x00000000176d0800 JavaThread "pool-1-thread-4" [_thread_in_Java, id=3948, stack(0x0000000018b20000,0x0000000018c20000)]
  0x00000000176cd800 JavaThread "pool-1-thread-3" [_thread_in_Java, id=4720, stack(0x0000000018a20000,0x0000000018b20000)]
  0x0000000017f3d800 JavaThread "pool-1-thread-2" [_thread_in_Java, id=6160, stack(0x0000000018920000,0x0000000018a20000)]
  0x000000001805e800 JavaThread "pool-2-thread-1" [_thread_blocked, id=4432, stack(0x0000000018820000,0x0000000018920000)]
  0x0000000017f97000 JavaThread "pool-1-thread-1" [_thread_in_Java, id=5248, stack(0x0000000018720000,0x0000000018820000)]
  0x00000000173c6000 JavaThread "Service Thread" daemon [_thread_blocked, id=3536, stack(0x0000000017d20000,0x0000000017e20000)]
  0x0000000017393800 JavaThread "C1 CompilerThread3" daemon [_thread_blocked, id=8128, stack(0x0000000017c20000,0x0000000017d20000)]
  0x0000000017390800 JavaThread "C2 CompilerThread2" daemon [_thread_in_native, id=9544, stack(0x0000000017b20000,0x0000000017c20000)]
  0x000000001738f000 JavaThread "C2 CompilerThread1" daemon [_thread_in_native, id=7156, stack(0x0000000017a20000,0x0000000017b20000)]
=>0x0000000017347000 JavaThread "C2 CompilerThread0" daemon [_thread_in_native, id=11100, stack(0x0000000017920000,0x0000000017a20000)]
  0x0000000017346000 JavaThread "Attach Listener" daemon [_thread_blocked, id=12260, stack(0x0000000017820000,0x0000000017920000)]
  0x0000000017345800 JavaThread "Signal Dispatcher" daemon [_thread_blocked, id=9732, stack(0x0000000017720000,0x0000000017820000)]
  0x0000000002827000 JavaThread "Finalizer" daemon [_thread_blocked, id=5928, stack(0x0000000017220000,0x0000000017320000)]
  0x000000001534c000 JavaThread "Reference Handler" daemon [_thread_blocked, id=6656, stack(0x0000000017120000,0x0000000017220000)]
  0x0000000002731000 JavaThread "main" [_thread_in_Java, id=3056, stack(0x0000000002630000,0x0000000002730000)]

Other Threads:
  0x0000000015348000 VMThread [stack: 0x0000000017020000,0x0000000017120000] [id=5172]
  0x00000000173c9000 WatcherThread [stack: 0x0000000017e20000,0x0000000017f20000] [id=7616]

VM state:not at safepoint (normal execution)

VM Mutex/Monitor currently owned by a thread: None

Heap:
 PSYoungGen      total 39424K, used 18080K [0x00000000eab00000, 0x00000000eeb80000, 0x0000000100000000)
  eden space 32256K, 41% used [0x00000000eab00000,0x00000000eb7f80a8,0x00000000eca80000)
  from space 7168K, 66% used [0x00000000ee480000,0x00000000ee930000,0x00000000eeb80000)
  to   space 4608K, 0% used [0x00000000eca80000,0x00000000eca80000,0x00000000ecf00000)
 ParOldGen       total 94720K, used 20601K [0x00000000c0000000, 0x00000000c5c80000, 0x00000000eab00000)
  object space 94720K, 21% used [0x00000000c0000000,0x00000000c141e668,0x00000000c5c80000)
 Metaspace       used 5997K, capacity 6960K, committed 7040K, reserved 1056768K
  class space    used 595K, capacity 616K, committed 640K, reserved 1048576K

Card table byte_map: [0x0000000011bf0000,0x0000000011e00000] byte_map_base: 0x00000000115f0000

Marking Bits: (ParMarkBitMap*) 0x000000005a9b12b0
 Begin Bits: [0x0000000012760000, 0x0000000013760000)
 End Bits:   [0x0000000013760000, 0x0000000014760000)

Polling page: 0x00000000008d0000

CodeCache: size=245760Kb used=7553Kb max_used=7553Kb free=238206Kb
 bounds [0x0000000002830000, 0x0000000002fa0000, 0x0000000011830000]
 total_blobs=2127 nmethods=1862 adapters=178
 compilation: enabled

Compilation events (10 events):
Event: 18.468 Thread 0x0000000017393800 nmethod 1928 0x0000000002f57610 code [0x0000000002f57780, 0x0000000002f57908]
Event: 18.468 Thread 0x0000000017393800 1929       2       com.android.dx.command.dexer.Main::access$1200 (7 bytes)
Event: 18.469 Thread 0x0000000017393800 nmethod 1929 0x0000000002f572d0 code [0x0000000002f57420, 0x0000000002f57568]
Event: 18.469 Thread 0x0000000017393800 1930       2       com.android.dx.cf.direct.StdAttributeFactory::constantValue (94 bytes)
Event: 18.470 Thread 0x000000001738f000 nmethod 1886 0x0000000002f85d10 code [0x0000000002f85f20, 0x0000000002f86ea0]
Event: 18.470 Thread 0x000000001738f000 1914   !   4       com.android.dx.cf.code.RopperMachine::run (1550 bytes)
Event: 18.474 Thread 0x0000000017393800 nmethod 1930 0x0000000002f839d0 code [0x0000000002f83ca0, 0x0000000002f84aa8]
Event: 18.475 Thread 0x0000000017393800 1931       2       java.io.FilterInputStream::available (8 bytes)
Event: 18.475 Thread 0x0000000017393800 nmethod 1931 0x0000000002f83610 code [0x0000000002f83780, 0x0000000002f83908]
Event: 18.475 Thread 0x0000000017393800 1933       3       com.android.dx.dex.cf.CfTranslator::translate0 (259 bytes)

GC Heap History (10 events):
Event: 6.447 GC heap before
{Heap before GC invocations=12 (full 0):
 PSYoungGen      total 15360K, used 15350K [0x00000000eab00000, 0x00000000ec600000, 0x0000000100000000)
  eden space 12800K, 100% used [0x00000000eab00000,0x00000000eb780000,0x00000000eb780000)
  from space 2560K, 99% used [0x00000000eb780000,0x00000000eb9fda80,0x00000000eba00000)
  to   space 3584K, 0% used [0x00000000ec280000,0x00000000ec280000,0x00000000ec600000)
 ParOldGen       total 94720K, used 5282K [0x00000000c0000000, 0x00000000c5c80000, 0x00000000eab00000)
  object space 94720K, 5% used [0x00000000c0000000,0x00000000c0528aa0,0x00000000c5c80000)
 Metaspace       used 5863K, capacity 6896K, committed 7040K, reserved 1056768K
  class space    used 593K, capacity 616K, committed 640K, reserved 1048576K
Event: 7.362 GC heap after
Heap after GC invocations=12 (full 0):
 PSYoungGen      total 24064K, used 2016K [0x00000000eab00000, 0x00000000ec600000, 0x0000000100000000)
  eden space 20480K, 0% used [0x00000000eab00000,0x00000000eab00000,0x00000000ebf00000)
  from space 3584K, 56% used [0x00000000ec280000,0x00000000ec478000,0x00000000ec600000)
  to   space 3584K, 0% used [0x00000000ebf00000,0x00000000ebf00000,0x00000000ec280000)
 ParOldGen       total 94720K, used 7558K [0x00000000c0000000, 0x00000000c5c80000, 0x00000000eab00000)
  object space 94720K, 7% used [0x00000000c0000000,0x00000000c0761938,0x00000000c5c80000)
 Metaspace       used 5863K, capacity 6896K, committed 7040K, reserved 1056768K
  class space    used 593K, capacity 616K, committed 640K, reserved 1048576K
}
Event: 8.404 GC heap before
{Heap before GC invocations=13 (full 0):
 PSYoungGen      total 24064K, used 22496K [0x00000000eab00000, 0x00000000ec600000, 0x0000000100000000)
  eden space 20480K, 100% used [0x00000000eab00000,0x00000000ebf00000,0x00000000ebf00000)
  from space 3584K, 56% used [0x00000000ec280000,0x00000000ec478000,0x00000000ec600000)
  to   space 3584K, 0% used [0x00000000ebf00000,0x00000000ebf00000,0x00000000ec280000)
 ParOldGen       total 94720K, used 7558K [0x00000000c0000000, 0x00000000c5c80000, 0x00000000eab00000)
  object space 94720K, 7% used [0x00000000c0000000,0x00000000c0761938,0x00000000c5c80000)
 Metaspace       used 5913K, capacity 6960K, committed 7040K, reserved 1056768K
  class space    used 594K, capacity 616K, committed 640K, reserved 1048576K
Event: 9.735 GC heap after
Heap after GC invocations=13 (full 0):
 PSYoungGen      total 24064K, used 3328K [0x00000000eab00000, 0x00000000ed300000, 0x0000000100000000)
  eden space 20480K, 0% used [0x00000000eab00000,0x00000000eab00000,0x00000000ebf00000)
  from space 3584K, 92% used [0x00000000ebf00000,0x00000000ec240010,0x00000000ec280000)
  to   space 4096K, 0% used [0x00000000ecf00000,0x00000000ecf00000,0x00000000ed300000)
 ParOldGen       total 94720K, used 9315K [0x00000000c0000000, 0x00000000c5c80000, 0x00000000eab00000)
  object space 94720K, 9% used [0x00000000c0000000,0x00000000c0918c98,0x00000000c5c80000)
 Metaspace       used 5913K, capacity 6960K, committed 7040K, reserved 1056768K
  class space    used 594K, capacity 616K, committed 640K, reserved 1048576K
}
Event: 10.527 GC heap before
{Heap before GC invocations=14 (full 0):
 PSYoungGen      total 24064K, used 23808K [0x00000000eab00000, 0x00000000ed300000, 0x0000000100000000)
  eden space 20480K, 100% used [0x00000000eab00000,0x00000000ebf00000,0x00000000ebf00000)
  from space 3584K, 92% used [0x00000000ebf00000,0x00000000ec240010,0x00000000ec280000)
  to   space 4096K, 0% used [0x00000000ecf00000,0x00000000ecf00000,0x00000000ed300000)
 ParOldGen       total 94720K, used 9315K [0x00000000c0000000, 0x00000000c5c80000, 0x00000000eab00000)
  object space 94720K, 9% used [0x00000000c0000000,0x00000000c0918c98,0x00000000c5c80000)
 Metaspace       used 5941K, capacity 6960K, committed 7040K, reserved 1056768K
  class space    used 594K, capacity 616K, committed 640K, reserved 1048576K
Event: 11.722 GC heap after
Heap after GC invocations=14 (full 0):
 PSYoungGen      total 36352K, used 3696K [0x00000000eab00000, 0x00000000ed400000, 0x0000000100000000)
  eden space 32256K, 0% used [0x00000000eab00000,0x00000000eab00000,0x00000000eca80000)
  from space 4096K, 90% used [0x00000000ecf00000,0x00000000ed29c010,0x00000000ed300000)
  to   space 4608K, 0% used [0x00000000eca80000,0x00000000eca80000,0x00000000ecf00000)
 ParOldGen       total 94720K, used 12468K [0x00000000c0000000, 0x00000000c5c80000, 0x00000000eab00000)
  object space 94720K, 13% used [0x00000000c0000000,0x00000000c0c2d2d0,0x00000000c5c80000)
 Metaspace       used 5941K, capacity 6960K, committed 7040K, reserved 1056768K
  class space    used 594K, capacity 616K, committed 640K, reserved 1048576K
}
Event: 14.814 GC heap before
{Heap before GC invocations=15 (full 0):
 PSYoungGen      total 36352K, used 35952K [0x00000000eab00000, 0x00000000ed400000, 0x0000000100000000)
  eden space 32256K, 100% used [0x00000000eab00000,0x00000000eca80000,0x00000000eca80000)
  from space 4096K, 90% used [0x00000000ecf00000,0x00000000ed29c010,0x00000000ed300000)
  to   space 4608K, 0% used [0x00000000eca80000,0x00000000eca80000,0x00000000ecf00000)
 ParOldGen       total 94720K, used 12468K [0x00000000c0000000, 0x00000000c5c80000, 0x00000000eab00000)
  object space 94720K, 13% used [0x00000000c0000000,0x00000000c0c2d2d0,0x00000000c5c80000)
 Metaspace       used 5964K, capacity 6960K, committed 7040K, reserved 1056768K
  class space    used 595K, capacity 616K, committed 640K, reserved 1048576K
Event: 16.366 GC heap after
Heap after GC invocations=15 (full 0):
 PSYoungGen      total 36864K, used 4576K [0x00000000eab00000, 0x00000000eeb80000, 0x0000000100000000)
  eden space 32256K, 0% used [0x00000000eab00000,0x00000000eab00000,0x00000000eca80000)
  from space 4608K, 99% used [0x00000000eca80000,0x00000000ecef8010,0x00000000ecf00000)
  to   space 7168K, 0% used [0x00000000ee480000,0x00000000ee480000,0x00000000eeb80000)
 ParOldGen       total 94720K, used 16758K [0x00000000c0000000, 0x00000000c5c80000, 0x00000000eab00000)
  object space 94720K, 17% used [0x00000000c0000000,0x00000000c105db48,0x00000000c5c80000)
 Metaspace       used 5964K, capacity 6960K, committed 7040K, reserved 1056768K
  class space    used 595K, capacity 616K, committed 640K, reserved 1048576K
}
Event: 17.773 GC heap before
{Heap before GC invocations=16 (full 0):
 PSYoungGen      total 36864K, used 36832K [0x00000000eab00000, 0x00000000eeb80000, 0x0000000100000000)
  eden space 32256K, 100% used [0x00000000eab00000,0x00000000eca80000,0x00000000eca80000)
  from space 4608K, 99% used [0x00000000eca80000,0x00000000ecef8010,0x00000000ecf00000)
  to   space 7168K, 0% used [0x00000000ee480000,0x00000000ee480000,0x00000000eeb80000)
 ParOldGen       total 94720K, used 16758K [0x00000000c0000000, 0x00000000c5c80000, 0x00000000eab00000)
  object space 94720K, 17% used [0x00000000c0000000,0x00000000c105db48,0x00000000c5c80000)
 Metaspace       used 5986K, capacity 6960K, committed 7040K, reserved 1056768K
  class space    used 595K, capacity 616K, committed 640K, reserved 1048576K
Event: 18.444 GC heap after
Heap after GC invocations=16 (full 0):
 PSYoungGen      total 39424K, used 4800K [0x00000000eab00000, 0x00000000eeb80000, 0x0000000100000000)
  eden space 32256K, 0% used [0x00000000eab00000,0x00000000eab00000,0x00000000eca80000)
  from space 7168K, 66% used [0x00000000ee480000,0x00000000ee930000,0x00000000eeb80000)
  to   space 4608K, 0% used [0x00000000eca80000,0x00000000eca80000,0x00000000ecf00000)
 ParOldGen       total 94720K, used 20601K [0x00000000c0000000, 0x00000000c5c80000, 0x00000000eab00000)
  object space 94720K, 21% used [0x00000000c0000000,0x00000000c141e668,0x00000000c5c80000)
 Metaspace       used 5986K, capacity 6960K, committed 7040K, reserved 1056768K
  class space    used 595K, capacity 616K, committed 640K, reserved 1048576K
}

Deoptimization events (10 events):
Event: 7.914 Thread 0x00000000176d0800 Uncommon trap: reason=unreached action=reinterpret pc=0x0000000002ccea9c method=com.android.dx.ssa.SsaMethod.updateOneDefinition(Lcom/android/dx/ssa/SsaInsn;Lcom/android/dx/rop/code/RegisterSpec;)V @ 4
Event: 14.158 Thread 0x00000000176d0800 Uncommon trap: reason=bimorphic action=maybe_recompile pc=0x0000000002de09b0 method=com.android.dx.cf.code.BytecodeArray.parseInstruction(ILcom/android/dx/cf/code/BytecodeArray$Visitor;)I @ 1130
Event: 14.160 Thread 0x00000000176d0800 Uncommon trap: reason=bimorphic action=maybe_recompile pc=0x0000000002de09b0 method=com.android.dx.cf.code.BytecodeArray.parseInstruction(ILcom/android/dx/cf/code/BytecodeArray$Visitor;)I @ 1130
Event: 14.285 Thread 0x0000000017f97000 Uncommon trap: reason=uninitialized action=reinterpret pc=0x0000000002de0390 method=com.android.dx.cf.code.BytecodeArray.parseInstruction(ILcom/android/dx/cf/code/BytecodeArray$Visitor;)I @ 999
Event: 17.592 Thread 0x0000000002731000 Uncommon trap: reason=unloaded action=reinterpret pc=0x0000000002e4edd0 method=com.android.dx.cf.cst.ConstantPoolParser.parse0(ILjava/util/BitSet;)Lcom/android/dx/rop/cst/Constant; @ 220
Event: 17.627 Thread 0x0000000017f97000 Uncommon trap: reason=bimorphic action=maybe_recompile pc=0x0000000002f78d84 method=com.android.dx.cf.code.RopperMachine.run(Lcom/android/dx/cf/code/Frame;II)V @ 310
Event: 17.627 Thread 0x0000000017f97000 Uncommon trap: reason=bimorphic action=maybe_recompile pc=0x0000000002f77544 method=com.android.dx.cf.code.RopperMachine.run(Lcom/android/dx/cf/code/Frame;II)V @ 988
Event: 17.627 Thread 0x0000000017f97000 Uncommon trap: reason=bimorphic action=maybe_recompile pc=0x0000000002f77544 method=com.android.dx.cf.code.RopperMachine.run(Lcom/android/dx/cf/code/Frame;II)V @ 988
Event: 17.669 Thread 0x0000000017f97000 Uncommon trap: reason=class_check action=maybe_recompile pc=0x0000000002cf9078 method=java.util.HashMap.putVal(ILjava/lang/Object;Ljava/lang/Object;ZZ)Ljava/lang/Object; @ 203
Event: 17.704 Thread 0x0000000017f97000 Uncommon trap: reason=bimorphic action=maybe_recompile pc=0x0000000002f77544 method=com.android.dx.cf.code.RopperMachine.run(Lcom/android/dx/cf/code/Frame;II)V @ 988

Internal exceptions (10 events):
Event: 3.015 Thread 0x00000000176cd800 Exception <a 'java/security/PrivilegedActionException'> (0x00000000eb1d6b08) thrown at [C:\re\workspace\8-2-build-windows-amd64-cygwin\jdk8u11\648\hotspot\src\share\vm\prims\jvm.cpp, line 1248]
Event: 3.328 Thread 0x00000000176cd800 Exception <a 'java/security/PrivilegedActionException'> (0x00000000eabdebc8) thrown at [C:\re\workspace\8-2-build-windows-amd64-cygwin\jdk8u11\648\hotspot\src\share\vm\prims\jvm.cpp, line 1248]
Event: 3.359 Thread 0x0000000002731000 Exception <a 'java/security/PrivilegedActionException'> (0x00000000eabbf3c8) thrown at [C:\re\workspace\8-2-build-windows-amd64-cygwin\jdk8u11\648\hotspot\src\share\vm\prims\jvm.cpp, line 1248]
Event: 3.359 Thread 0x0000000002731000 Exception <a 'java/security/PrivilegedActionException'> (0x00000000eabc1850) thrown at [C:\re\workspace\8-2-build-windows-amd64-cygwin\jdk8u11\648\hotspot\src\share\vm\prims\jvm.cpp, line 1248]
Event: 3.584 Thread 0x00000000176d0800 Exception <a 'java/security/PrivilegedActionException'> (0x00000000eae7a970) thrown at [C:\re\workspace\8-2-build-windows-amd64-cygwin\jdk8u11\648\hotspot\src\share\vm\prims\jvm.cpp, line 1248]
Event: 3.877 Thread 0x00000000176cd800 Implicit null exception at 0x0000000002ba7662 to 0x0000000002ba7761
Event: 5.753 Thread 0x0000000017f3d800 Exception <a 'java/security/PrivilegedActionException'> (0x00000000eab4e690) thrown at [C:\re\workspace\8-2-build-windows-amd64-cygwin\jdk8u11\648\hotspot\src\share\vm\prims\jvm.cpp, line 1248]
Event: 7.642 Thread 0x0000000002731000 Exception <a 'java/security/PrivilegedActionException'> (0x00000000eb4974d8) thrown at [C:\re\workspace\8-2-build-windows-amd64-cygwin\jdk8u11\648\hotspot\src\share\vm\prims\jvm.cpp, line 1248]
Event: 7.912 Thread 0x00000000176d0800 Exception <a 'java/security/PrivilegedActionException'> (0x00000000eba338e0) thrown at [C:\re\workspace\8-2-build-windows-amd64-cygwin\jdk8u11\648\hotspot\src\share\vm\prims\jvm.cpp, line 1248]
Event: 13.613 Thread 0x00000000176cd800 Exception <a 'java/security/PrivilegedActionException'> (0x00000000eb904e80) thrown at [C:\re\workspace\8-2-build-windows-amd64-cygwin\jdk8u11\648\hotspot\src\share\vm\prims\jvm.cpp, line 1248]

Events (10 events):
Event: 17.627 Thread 0x0000000017f97000 DEOPT PACKING pc=0x0000000002f77544 sp=0x000000001881de30
Event: 17.627 Thread 0x0000000017f97000 DEOPT UNPACKING pc=0x00000000028755af sp=0x000000001881ddc8 mode 2
Event: 17.669 Thread 0x0000000017f97000 Uncommon trap: trap_request=0xffffffde fr.pc=0x0000000002cf9078
Event: 17.669 Thread 0x0000000017f97000 DEOPT PACKING pc=0x0000000002cf9078 sp=0x000000001881e2f0
Event: 17.670 Thread 0x0000000017f97000 DEOPT UNPACKING pc=0x00000000028755af sp=0x000000001881e268 mode 2
Event: 17.704 Thread 0x0000000017f97000 Uncommon trap: trap_request=0xffffffc6 fr.pc=0x0000000002f77544
Event: 17.704 Thread 0x0000000017f97000 DEOPT PACKING pc=0x0000000002f77544 sp=0x000000001881de30
Event: 17.704 Thread 0x0000000017f97000 DEOPT UNPACKING pc=0x00000000028755af sp=0x000000001881ddc8 mode 2
Event: 17.722 Executing VM operation: ParallelGCFailedAllocation
Event: 18.444 Executing VM operation: ParallelGCFailedAllocation done


Dynamic libraries:
0x00007ff7a0b10000 - 0x00007ff7a0b44000 	C:\Program Files\Java\jdk1.8.0_11\bin\java.exe
0x00007ff945210000 - 0x00007ff9453d1000 	C:\WINDOWS\SYSTEM32\ntdll.dll
0x00007ff9428e0000 - 0x00007ff94298d000 	C:\WINDOWS\system32\KERNEL32.DLL
0x00007ff9426b0000 - 0x00007ff94288d000 	C:\WINDOWS\system32\KERNELBASE.dll
0x00007ff942d10000 - 0x00007ff942db6000 	C:\WINDOWS\system32\ADVAPI32.dll
0x00007ff942c70000 - 0x00007ff942d0d000 	C:\WINDOWS\system32\msvcrt.dll
0x00007ff9451b0000 - 0x00007ff94520b000 	C:\WINDOWS\system32\sechost.dll
0x00007ff944990000 - 0x00007ff944ab6000 	C:\WINDOWS\system32\RPCRT4.dll
0x00007ff945060000 - 0x00007ff9451ae000 	C:\WINDOWS\system32\USER32.dll
0x00007ff9429b0000 - 0x00007ff942b36000 	C:\WINDOWS\system32\GDI32.dll
0x00007ff93c910000 - 0x00007ff93cb84000 	C:\WINDOWS\WinSxS\amd64_microsoft.windows.common-controls_6595b64144ccf1df_6.0.10240.16384_none_f41f7b285750ef43\COMCTL32.dll
0x00007ff943120000 - 0x00007ff943156000 	C:\WINDOWS\system32\IMM32.DLL
0x00007ff9431d0000 - 0x00007ff94332c000 	C:\WINDOWS\system32\MSCTF.dll
0x00007ff941b30000 - 0x00007ff941b61000 	C:\Windows\system32\nvinitx.dll
0x00007ff941b20000 - 0x00007ff941b2a000 	C:\WINDOWS\SYSTEM32\VERSION.dll
0x0000000059d80000 - 0x0000000059e52000 	C:\Program Files\Java\jdk1.8.0_11\jre\bin\msvcr100.dll
0x000000005a200000 - 0x000000005aa2a000 	C:\Program Files\Java\jdk1.8.0_11\jre\bin\server\jvm.dll
0x00007ff9431c0000 - 0x00007ff9431c8000 	C:\WINDOWS\system32\PSAPI.DLL
0x00007ff938e80000 - 0x00007ff938e89000 	C:\WINDOWS\SYSTEM32\WSOCK32.dll
0x00007ff942b40000 - 0x00007ff942ba9000 	C:\WINDOWS\system32\WS2_32.dll
0x00007ff942990000 - 0x00007ff942998000 	C:\WINDOWS\system32\NSI.dll
0x00007ff93fe90000 - 0x00007ff93feb3000 	C:\WINDOWS\SYSTEM32\WINMM.dll
0x00007ff93fe60000 - 0x00007ff93fe8c000 	C:\WINDOWS\SYSTEM32\WINMMBASE.dll
0x00007ff942890000 - 0x00007ff9428d4000 	C:\WINDOWS\system32\cfgmgr32.dll
0x00007ff940560000 - 0x00007ff940587000 	C:\WINDOWS\SYSTEM32\DEVOBJ.dll
0x000000005a1f0000 - 0x000000005a1ff000 	C:\Program Files\Java\jdk1.8.0_11\jre\bin\verify.dll
0x000000005a1c0000 - 0x000000005a1e8000 	C:\Program Files\Java\jdk1.8.0_11\jre\bin\java.dll
0x000000005a1a0000 - 0x000000005a1b6000 	C:\Program Files\Java\jdk1.8.0_11\jre\bin\zip.dll
0x00007ff943330000 - 0x00007ff944852000 	C:\WINDOWS\system32\SHELL32.dll
0x00007ff941d90000 - 0x00007ff9423b8000 	C:\WINDOWS\system32\windows.storage.dll
0x00007ff944c10000 - 0x00007ff944e8c000 	C:\WINDOWS\system32\combase.dll
0x00007ff942fe0000 - 0x00007ff943031000 	C:\WINDOWS\system32\shlwapi.dll
0x00007ff941cd0000 - 0x00007ff941cdf000 	C:\WINDOWS\system32\kernel.appcore.dll
0x00007ff9425f0000 - 0x00007ff9426a3000 	C:\WINDOWS\system32\shcore.dll
0x00007ff941c40000 - 0x00007ff941c8a000 	C:\WINDOWS\system32\powrprof.dll
0x00007ff941c90000 - 0x00007ff941ca3000 	C:\WINDOWS\system32\profapi.dll
0x00007ff93e7e0000 - 0x00007ff93e96a000 	C:\WINDOWS\SYSTEM32\dbghelp.dll

VM Arguments:
jvm_args: -Djava.awt.headless=true -Xmx1024M -Dfile.encoding=windows-1252 -Duser.country=US -Duser.language=en -Duser.variant 
java_command: com.android.dx.command.Main --dex --num-threads=4 --output C:\Users\Bloom\AndroidStudioProjects\Wanderlust\app\build\intermediates\pre-dexed\debug\com.android.support-support-v4-23.0.0_d4466546512757564befb05cc8437b0254b62972.jar C:\Users\Bloom\AndroidStudioProjects\Wanderlust\app\build\intermediates\exploded-aar\com.android.support\support-v4\23.0.0\jars\classes.jar
java_class_path (initial): F:\Work\SDK\build-tools\23.0.2\lib\dx.jar
Launcher Type: SUN_STANDARD

Environment Variables:
JAVA_HOME=C:\Program Files\Java\jdk1.8.0_11
PATH=C:\Windows\System32\ipconfig.exe;F:\Work\AndroidBundle\adt-bundle-windows-x86_64-20140702\sdk\platform-tools;C:\Program Files\nodejs\;F:\Work\AndroidBundle\adt-bundle-windows-x86_64-20140702\sdk\tools;C:\Windows\System32;F:\Work\AndroidBundle\adt-bundle-windows-x86_64-20140702\sdk;C:\Windows\;C:\Windows\System32\Wbem;C:\Windows\System32\WindowsPowerShell\v1.0\;C:\Program Files (x86)\Windows Live\Shared;C:\Program Files (x86)\Skype\Phone\;C:\Users\Bloom\AppData\Roaming\npm;C:\Program Files (x86)\WinAnt\bin
USERNAME=Bloom
OS=Windows_NT
PROCESSOR_IDENTIFIER=Intel64 Family 6 Model 58 Stepping 9, GenuineIntel



---------------  S Y S T E M  ---------------

OS: Windows 8.1 , 64 bit Build 9600 

CPU:total 8 (4 cores per cpu, 2 threads per core) family 6 model 58 stepping 9, cmov, cx8, fxsr, mmx, sse, sse2, sse3, ssse3, sse4.1, sse4.2, popcnt, avx, aes, clmul, erms, ht, tsc, tscinvbit

Memory: 4k page, physical 6125928k(391020k free), swap 14706864k(780k free)

vm_info: Java HotSpot(TM) 64-Bit Server VM (25.11-b03) for windows-amd64 JRE (1.8.0_11-b12), built on Jun 16 2014 20:57:32 by "java_re" with MS VC++ 10.0 (VS2010)

time: Sat Jan 09 13:23:25 2016
elapsed time: 18 seconds

