#
# There is insufficient memory for the Java Runtime Environment to continue.
# Native memory allocation (malloc) failed to allocate 1048576 bytes for AllocateHeap
# Possible reasons:
#   The system is out of physical RAM or swap space
#   In 32 bit mode, the process size limit was hit
# Possible solutions:
#   Reduce memory load on the system
#   Increase physical memory or swap space
#   Check if swap backing store is full
#   Use 64 bit Java on a 64 bit OS
#   Decrease Java heap size (-Xmx/-Xms)
#   Decrease number of Java threads
#   Decrease Java thread stack sizes (-Xss)
#   Set larger code cache with -XX:ReservedCodeCacheSize=
# This output file may be truncated or incomplete.
#
#  Out of Memory Error (memory/allocation.inline.hpp:62), pid=5348, tid=9072
#
# JRE version:  (8.0_11-b12) (build )
# Java VM: Java HotSpot(TM) 64-Bit Server VM (25.11-b03 mixed mode windows-amd64 compressed oops)
# Failed to write core dump. Minidumps are not enabled by default on client versions of Windows
#

---------------  T H R E A D  ---------------

Current thread (0x0000000002ee1000):  JavaThread "Unknown thread" [_thread_in_vm, id=9072, stack(0x0000000002db0000,0x0000000002eb0000)]

Stack: [0x0000000002db0000,0x0000000002eb0000]
Native frames: (J=compiled Java code, j=interpreted, Vv=VM code, C=native code)
V  [jvm.dll+0x308eca]
V  [jvm.dll+0x25e121]
V  [jvm.dll+0x25ed33]
V  [jvm.dll+0x256705]
V  [jvm.dll+0x25575f]
V  [jvm.dll+0x3c778c]
V  [jvm.dll+0x3c2e57]
V  [jvm.dll+0xe2462]
V  [jvm.dll+0x1f1439]
V  [jvm.dll+0x2229b4]
V  [jvm.dll+0x14a151]
C  [java.exe+0x207a]
C  [java.exe+0xc9cb]
C  [java.exe+0xca5f]
C  [KERNEL32.DLL+0x12d92]
C  [ntdll.dll+0x9f64]


---------------  P R O C E S S  ---------------

Java Threads: ( => current thread )

Other Threads:

=>0x0000000002ee1000 (exited) JavaThread "Unknown thread" [_thread_in_vm, id=9072, stack(0x0000000002db0000,0x0000000002eb0000)]

VM state:not at safepoint (normal execution)

VM Mutex/Monitor currently owned by a thread: None

Heap:
 PSYoungGen      total 1024K, used 20K [0x00000000eab00000, 0x00000000eac80000, 0x0000000100000000)
  eden space 512K, 4% used [0x00000000eab00000,0x00000000eab05288,0x00000000eab80000)
  from space 512K, 0% used [0x00000000eac00000,0x00000000eac00000,0x00000000eac80000)
  to   space 512K, 0% used [0x00000000eab80000,0x00000000eab80000,0x00000000eac00000)
 ParOldGen       total 94720K, used 0K [0x00000000c0000000, 0x00000000c5c80000, 0x00000000eab00000)
  object space 94720K, 0% used [0x00000000c0000000,0x00000000c0000000,0x00000000c5c80000)
 Metaspace       used 674K, capacity 4480K, committed 4480K, reserved 1056768K
  class space    used 66K, capacity 384K, committed 384K, reserved 1048576K

Card table byte_map: [0x00000000123a0000,0x00000000125b0000] byte_map_base: 0x0000000011da0000

Marking Bits: (ParMarkBitMap*) 0x000000005a9b12b0
 Begin Bits: [0x0000000012f10000, 0x0000000013f10000)
 End Bits:   [0x0000000013f10000, 0x0000000014f10000)

Polling page: 0x0000000001570000

CodeCache: size=245760Kb used=327Kb max_used=327Kb free=245432Kb
 bounds [0x0000000002fe0000, 0x0000000003250000, 0x0000000011fe0000]
 total_blobs=56 nmethods=0 adapters=37
 compilation: enabled

Compilation events (0 events):
No events

GC Heap History (0 events):
No events

Deoptimization events (0 events):
No events

Internal exceptions (0 events):
No events

Events (10 events):
Event: 0.077 loading class java/lang/Short
Event: 0.077 loading class java/lang/Short done
Event: 0.077 loading class java/lang/Integer
Event: 0.077 loading class java/lang/Integer done
Event: 0.077 loading class java/lang/Long
Event: 0.078 loading class java/lang/Long done
Event: 0.085 loading class java/lang/NullPointerException
Event: 0.085 loading class java/lang/NullPointerException done
Event: 0.085 loading class java/lang/ArithmeticException
Event: 0.085 loading class java/lang/ArithmeticException done


Dynamic libraries:
0x00007ff7a0b10000 - 0x00007ff7a0b44000 	C:\Program Files\Java\jdk1.8.0_11\bin\java.exe
0x00007ff945210000 - 0x00007ff9453d1000 	C:\WINDOWS\SYSTEM32\ntdll.dll
0x00007ff9428e0000 - 0x00007ff94298d000 	C:\WINDOWS\system32\KERNEL32.DLL
0x00007ff9426b0000 - 0x00007ff94288d000 	C:\WINDOWS\system32\KERNELBASE.dll
0x00007ff942d10000 - 0x00007ff942db6000 	C:\WINDOWS\system32\ADVAPI32.dll
0x00007ff942c70000 - 0x00007ff942d0d000 	C:\WINDOWS\system32\msvcrt.dll
0x00007ff9451b0000 - 0x00007ff94520b000 	C:\WINDOWS\system32\sechost.dll
0x00007ff944990000 - 0x00007ff944ab6000 	C:\WINDOWS\system32\RPCRT4.dll
0x00007ff945060000 - 0x00007ff9451ae000 	C:\WINDOWS\system32\USER32.dll
0x00007ff9429b0000 - 0x00007ff942b36000 	C:\WINDOWS\system32\GDI32.dll
0x00007ff93c910000 - 0x00007ff93cb84000 	C:\WINDOWS\WinSxS\amd64_microsoft.windows.common-controls_6595b64144ccf1df_6.0.10240.16384_none_f41f7b285750ef43\COMCTL32.dll
0x00007ff943120000 - 0x00007ff943156000 	C:\WINDOWS\system32\IMM32.DLL
0x00007ff9431d0000 - 0x00007ff94332c000 	C:\WINDOWS\system32\MSCTF.dll
0x00007ff941b30000 - 0x00007ff941b61000 	C:\Windows\system32\nvinitx.dll
0x00007ff941b20000 - 0x00007ff941b2a000 	C:\WINDOWS\SYSTEM32\VERSION.dll
0x0000000059d80000 - 0x0000000059e52000 	C:\Program Files\Java\jdk1.8.0_11\jre\bin\msvcr100.dll
0x000000005a200000 - 0x000000005aa2a000 	C:\Program Files\Java\jdk1.8.0_11\jre\bin\server\jvm.dll
0x00007ff9431c0000 - 0x00007ff9431c8000 	C:\WINDOWS\system32\PSAPI.DLL
0x00007ff938e80000 - 0x00007ff938e89000 	C:\WINDOWS\SYSTEM32\WSOCK32.dll
0x00007ff942b40000 - 0x00007ff942ba9000 	C:\WINDOWS\system32\WS2_32.dll
0x00007ff942990000 - 0x00007ff942998000 	C:\WINDOWS\system32\NSI.dll
0x00007ff93fe90000 - 0x00007ff93feb3000 	C:\WINDOWS\SYSTEM32\WINMM.dll
0x0000000001540000 - 0x000000000156c000 	C:\WINDOWS\SYSTEM32\WINMMBASE.dll
0x00007ff942890000 - 0x00007ff9428d4000 	C:\WINDOWS\system32\cfgmgr32.dll
0x00007ff940560000 - 0x00007ff940587000 	C:\WINDOWS\SYSTEM32\DEVOBJ.dll
0x000000005a1f0000 - 0x000000005a1ff000 	C:\Program Files\Java\jdk1.8.0_11\jre\bin\verify.dll
0x000000005a1c0000 - 0x000000005a1e8000 	C:\Program Files\Java\jdk1.8.0_11\jre\bin\java.dll
0x000000005a1a0000 - 0x000000005a1b6000 	C:\Program Files\Java\jdk1.8.0_11\jre\bin\zip.dll
0x00007ff93e7e0000 - 0x00007ff93e96a000 	C:\WINDOWS\SYSTEM32\dbghelp.dll

VM Arguments:
jvm_args: -Djava.awt.headless=true -Xmx1024M -Dfile.encoding=windows-1252 -Duser.country=US -Duser.language=en -Duser.variant 
java_command: com.android.dx.command.Main --dex --num-threads=4 --output C:\Users\Bloom\AndroidStudioProjects\Wanderlust\app\build\intermediates\pre-dexed\debug\com.github.paolorotolo-appintro-3.1.0_f6ad1c188872f64c175cca9882c28a290cc94f79.jar C:\Users\Bloom\AndroidStudioProjects\Wanderlust\app\build\intermediates\exploded-aar\com.github.paolorotolo\appintro\3.1.0\jars\classes.jar
java_class_path (initial): F:\Work\SDK\build-tools\23.0.2\lib\dx.jar
Launcher Type: SUN_STANDARD

Environment Variables:
JAVA_HOME=C:\Program Files\Java\jdk1.8.0_11
PATH=C:\Windows\System32\ipconfig.exe;F:\Work\AndroidBundle\adt-bundle-windows-x86_64-20140702\sdk\platform-tools;C:\Program Files\nodejs\;F:\Work\AndroidBundle\adt-bundle-windows-x86_64-20140702\sdk\tools;C:\Windows\System32;F:\Work\AndroidBundle\adt-bundle-windows-x86_64-20140702\sdk;C:\Windows\;C:\Windows\System32\Wbem;C:\Windows\System32\WindowsPowerShell\v1.0\;C:\Program Files (x86)\Windows Live\Shared;C:\Program Files (x86)\Skype\Phone\;C:\Users\Bloom\AppData\Roaming\npm;C:\Program Files (x86)\WinAnt\bin
USERNAME=Bloom
OS=Windows_NT
PROCESSOR_IDENTIFIER=Intel64 Family 6 Model 58 Stepping 9, GenuineIntel



---------------  S Y S T E M  ---------------

OS: Windows 8.1 , 64 bit Build 9600 

CPU:total 8 (4 cores per cpu, 2 threads per core) family 6 model 58 stepping 9, cmov, cx8, fxsr, mmx, sse, sse2, sse3, ssse3, sse4.1, sse4.2, popcnt, avx, aes, clmul, erms, ht, tsc, tscinvbit

Memory: 4k page, physical 6125928k(1045284k free), swap 14824076k(602560k free)

vm_info: Java HotSpot(TM) 64-Bit Server VM (25.11-b03) for windows-amd64 JRE (1.8.0_11-b12), built on Jun 16 2014 20:57:32 by "java_re" with MS VC++ 10.0 (VS2010)

time: Sat Jan 09 10:44:57 2016
elapsed time: 0 seconds

